2021-04-12 04:30:05,748 INFO 10412 [Timer] E:\codeSpace\postgis\pg_postgis_mvt_egg\node_modules\egg-multipart\app\schedule\clean_tmpdir.js next time will execute after 86394256ms at 2021-04-13 04:30:00.004
2021-04-12 04:30:05,744 INFO 13276 [Job#16181730057445017367470362285] E:\codeSpace\postgis\pg_postgis_mvt_egg\node_modules\egg-multipart\app\schedule\clean_tmpdir.js executing by app
2021-04-12 04:30:05,755 INFO 13276 [Job#16181730057445017367470362285] E:\codeSpace\postgis\pg_postgis_mvt_egg\node_modules\egg-multipart\app\schedule\clean_tmpdir.js execute succeed, used 11ms. 
2021-04-12 09:55:47,802 INFO 25192 [egg-schedule]: register schedule E:\codeSpace\postgis\pg_postgis_mvt_egg\node_modules\egg-multipart\app\schedule\clean_tmpdir.js
2021-04-12 09:55:47,802 INFO 25192 [egg-schedule]: register schedule E:\codeSpace\postgis\pg_postgis_mvt_egg\node_modules\egg-logrotator\app\schedule\clean_log.js
2021-04-12 09:55:47,802 INFO 25192 [egg-schedule]: register schedule E:\codeSpace\postgis\pg_postgis_mvt_egg\node_modules\egg-logrotator\app\schedule\rotate_by_file.js
2021-04-12 09:56:05,500 INFO 23104 [egg-schedule]: register schedule E:\codeSpace\postgis\pg_postgis_mvt_egg\node_modules\egg-multipart\app\schedule\clean_tmpdir.js
2021-04-12 09:56:05,500 INFO 23104 [egg-schedule]: register schedule E:\codeSpace\postgis\pg_postgis_mvt_egg\node_modules\egg-logrotator\app\schedule\clean_log.js
2021-04-12 09:56:05,500 INFO 23104 [egg-schedule]: register schedule E:\codeSpace\postgis\pg_postgis_mvt_egg\node_modules\egg-logrotator\app\schedule\rotate_by_file.js
2021-04-12 09:58:32,628 INFO 22812 [egg-schedule]: register schedule E:\codeSpace\postgis\pg_postgis_mvt_egg\node_modules\egg-multipart\app\schedule\clean_tmpdir.js
2021-04-12 09:58:32,628 INFO 22812 [egg-schedule]: register schedule E:\codeSpace\postgis\pg_postgis_mvt_egg\node_modules\egg-logrotator\app\schedule\clean_log.js
2021-04-12 09:58:32,628 INFO 22812 [egg-schedule]: register schedule E:\codeSpace\postgis\pg_postgis_mvt_egg\node_modules\egg-logrotator\app\schedule\rotate_by_file.js
2021-04-12 10:18:36,931 INFO 25240 [egg-schedule]: register schedule E:\codeSpace\postgis\pg_postgis_mvt_egg\node_modules\egg-multipart\app\schedule\clean_tmpdir.js
2021-04-12 10:18:36,931 INFO 25240 [egg-schedule]: register schedule E:\codeSpace\postgis\pg_postgis_mvt_egg\node_modules\egg-logrotator\app\schedule\clean_log.js
2021-04-12 10:18:36,931 INFO 25240 [egg-schedule]: register schedule E:\codeSpace\postgis\pg_postgis_mvt_egg\node_modules\egg-logrotator\app\schedule\rotate_by_file.js
2021-04-12 10:18:39,047 INFO 24200 [egg-schedule]: register schedule E:\codeSpace\postgis\pg_postgis_mvt_egg\node_modules\egg-multipart\app\schedule\clean_tmpdir.js
2021-04-12 10:18:39,047 INFO 24200 [egg-schedule]: register schedule E:\codeSpace\postgis\pg_postgis_mvt_egg\node_modules\egg-logrotator\app\schedule\clean_log.js
2021-04-12 10:18:39,047 INFO 24200 [egg-schedule]: register schedule E:\codeSpace\postgis\pg_postgis_mvt_egg\node_modules\egg-logrotator\app\schedule\rotate_by_file.js
2021-04-12 10:18:58,178 INFO 24672 [egg-schedule]: register schedule E:\codeSpace\postgis\pg_postgis_mvt_egg\node_modules\egg-multipart\app\schedule\clean_tmpdir.js
2021-04-12 10:18:58,178 INFO 24672 [egg-schedule]: register schedule E:\codeSpace\postgis\pg_postgis_mvt_egg\node_modules\egg-logrotator\app\schedule\clean_log.js
2021-04-12 10:18:58,178 INFO 24672 [egg-schedule]: register schedule E:\codeSpace\postgis\pg_postgis_mvt_egg\node_modules\egg-logrotator\app\schedule\rotate_by_file.js
2021-04-12 10:28:42,589 INFO 17676 [egg-schedule]: register schedule E:\codeSpace\postgis\pg_postgis_mvt_egg\node_modules\egg-multipart\app\schedule\clean_tmpdir.js
2021-04-12 10:28:42,589 INFO 17676 [egg-schedule]: register schedule E:\codeSpace\postgis\pg_postgis_mvt_egg\node_modules\egg-logrotator\app\schedule\clean_log.js
2021-04-12 10:28:42,589 INFO 17676 [egg-schedule]: register schedule E:\codeSpace\postgis\pg_postgis_mvt_egg\node_modules\egg-logrotator\app\schedule\rotate_by_file.js
2021-04-12 10:28:44,647 INFO 25028 [egg-schedule]: register schedule E:\codeSpace\postgis\pg_postgis_mvt_egg\node_modules\egg-multipart\app\schedule\clean_tmpdir.js
2021-04-12 10:28:44,647 INFO 25028 [egg-schedule]: register schedule E:\codeSpace\postgis\pg_postgis_mvt_egg\node_modules\egg-logrotator\app\schedule\clean_log.js
2021-04-12 10:28:44,647 INFO 25028 [egg-schedule]: register schedule E:\codeSpace\postgis\pg_postgis_mvt_egg\node_modules\egg-logrotator\app\schedule\rotate_by_file.js
2021-04-12 10:29:47,617 INFO 25128 [egg-schedule]: register schedule E:\codeSpace\postgis\pg_postgis_mvt_egg\node_modules\egg-multipart\app\schedule\clean_tmpdir.js
2021-04-12 10:29:47,617 INFO 25128 [egg-schedule]: register schedule E:\codeSpace\postgis\pg_postgis_mvt_egg\node_modules\egg-logrotator\app\schedule\clean_log.js
2021-04-12 10:29:47,617 INFO 25128 [egg-schedule]: register schedule E:\codeSpace\postgis\pg_postgis_mvt_egg\node_modules\egg-logrotator\app\schedule\rotate_by_file.js
2021-04-12 10:29:48,249 INFO 24772 [Timer] E:\codeSpace\postgis\pg_postgis_mvt_egg\node_modules\egg-multipart\app\schedule\clean_tmpdir.js next time will execute after 64811753ms at 2021-04-13 04:30:00.002
2021-04-12 10:29:48,249 INFO 24772 [Timer] E:\codeSpace\postgis\pg_postgis_mvt_egg\node_modules\egg-logrotator\app\schedule\clean_log.js next time will execute after 48611751ms at 2021-04-13 00:00:00.000
2021-04-12 10:29:48,250 INFO 24772 [Timer] E:\codeSpace\postgis\pg_postgis_mvt_egg\node_modules\egg-logrotator\app\schedule\rotate_by_file.js next time will execute after 48612751ms at 2021-04-13 00:00:01.001
2021-04-12 16:45:39,855 INFO 27020 [egg-schedule]: register schedule E:\codeSpace\postgis\pg_postgis_mvt_egg\node_modules\egg-multipart\app\schedule\clean_tmpdir.js
2021-04-12 16:45:39,855 INFO 27020 [egg-schedule]: register schedule E:\codeSpace\postgis\pg_postgis_mvt_egg\node_modules\egg-logrotator\app\schedule\clean_log.js
2021-04-12 16:45:39,855 INFO 27020 [egg-schedule]: register schedule E:\codeSpace\postgis\pg_postgis_mvt_egg\node_modules\egg-logrotator\app\schedule\rotate_by_file.js
2021-04-12 16:47:20,033 INFO 28372 [egg-schedule]: register schedule E:\codeSpace\postgis\pg_postgis_mvt_egg\node_modules\egg-multipart\app\schedule\clean_tmpdir.js
2021-04-12 16:47:20,033 INFO 28372 [egg-schedule]: register schedule E:\codeSpace\postgis\pg_postgis_mvt_egg\node_modules\egg-logrotator\app\schedule\clean_log.js
2021-04-12 16:47:20,033 INFO 28372 [egg-schedule]: register schedule E:\codeSpace\postgis\pg_postgis_mvt_egg\node_modules\egg-logrotator\app\schedule\rotate_by_file.js
2021-04-12 17:32:44,046 INFO 28428 [egg-schedule]: register schedule E:\codeSpace\postgis\pg_postgis_mvt_egg\node_modules\egg-multipart\app\schedule\clean_tmpdir.js
2021-04-12 17:32:44,047 INFO 28428 [egg-schedule]: register schedule E:\codeSpace\postgis\pg_postgis_mvt_egg\node_modules\egg-logrotator\app\schedule\clean_log.js
2021-04-12 17:32:44,047 INFO 28428 [egg-schedule]: register schedule E:\codeSpace\postgis\pg_postgis_mvt_egg\node_modules\egg-logrotator\app\schedule\rotate_by_file.js
2021-04-12 17:32:46,244 INFO 10980 [egg-schedule]: register schedule E:\codeSpace\postgis\pg_postgis_mvt_egg\node_modules\egg-multipart\app\schedule\clean_tmpdir.js
2021-04-12 17:32:46,244 INFO 10980 [egg-schedule]: register schedule E:\codeSpace\postgis\pg_postgis_mvt_egg\node_modules\egg-logrotator\app\schedule\clean_log.js
2021-04-12 17:32:46,244 INFO 10980 [egg-schedule]: register schedule E:\codeSpace\postgis\pg_postgis_mvt_egg\node_modules\egg-logrotator\app\schedule\rotate_by_file.js
