2021-04-12 16:45:53,764 ERROR 27020 [-/::1/-/7ms GET /pg_postgis_mvt/api/v1/yn_zs4326/5/24/13] nodejs.ReferenceError: sql is not defined
    at MvtService.getMvt (E:\codeSpace\postgis\pg_postgis_mvt_egg\app\service\mvt.js:79:30)
    at MvtController.getMvt (E:\codeSpace\postgis\pg_postgis_mvt_egg\app\controller\mvt.js:11:46)
    at Object.callFn (E:\codeSpace\postgis\pg_postgis_mvt_egg\node_modules\egg-core\lib\utils\index.js:44:21)
    at Object.classControllerMiddleware (E:\codeSpace\postgis\pg_postgis_mvt_egg\node_modules\egg-core\lib\loader\mixin\controller.js:87:20)
    at Object.callFn (E:\codeSpace\postgis\pg_postgis_mvt_egg\node_modules\@eggjs\router\lib\utils.js:12:21)
    at wrappedController (E:\codeSpace\postgis\pg_postgis_mvt_egg\node_modules\@eggjs\router\lib\egg_router.js:322:18)
    at dispatch (E:\codeSpace\postgis\pg_postgis_mvt_egg\node_modules\@eggjs\router\node_modules\koa-compose\index.js:44:32)
    at next (E:\codeSpace\postgis\pg_postgis_mvt_egg\node_modules\@eggjs\router\node_modules\koa-compose\index.js:45:18)
    at E:\codeSpace\postgis\pg_postgis_mvt_egg\node_modules\@eggjs\router\lib\router.js:190:18
    at dispatch (E:\codeSpace\postgis\pg_postgis_mvt_egg\node_modules\@eggjs\router\node_modules\koa-compose\index.js:44:32)
    at E:\codeSpace\postgis\pg_postgis_mvt_egg\node_modules\@eggjs\router\node_modules\koa-compose\index.js:36:12
    at dispatch (E:\codeSpace\postgis\pg_postgis_mvt_egg\node_modules\@eggjs\router\lib\router.js:195:33)
    at dispatch (E:\codeSpace\postgis\pg_postgis_mvt_egg\node_modules\koa-compose\index.js:42:32)
    at E:\codeSpace\postgis\pg_postgis_mvt_egg\node_modules\egg-development\app\middleware\egg_loader_trace.js:9:56
    at dispatch (E:\codeSpace\postgis\pg_postgis_mvt_egg\node_modules\koa-compose\index.js:42:32)
    at i18n (E:\codeSpace\postgis\pg_postgis_mvt_egg\node_modules\egg-i18n\app\middleware\i18n.js:13:12)
    at dispatch (E:\codeSpace\postgis\pg_postgis_mvt_egg\node_modules\koa-compose\index.js:42:32)
    at dispatch (E:\codeSpace\postgis\pg_postgis_mvt_egg\node_modules\koa-compose\index.js:42:32)
    at dta (E:\codeSpace\postgis\pg_postgis_mvt_egg\node_modules\egg-security\lib\middlewares\dta.js:12:12)
    at dispatch (E:\codeSpace\postgis\pg_postgis_mvt_egg\node_modules\koa-compose\index.js:42:32)
    at xframe (E:\codeSpace\postgis\pg_postgis_mvt_egg\node_modules\egg-security\lib\middlewares\xframe.js:7:11)
    at dispatch (E:\codeSpace\postgis\pg_postgis_mvt_egg\node_modules\koa-compose\index.js:42:32)
headers: {"Access-Control-Allow-Origin":"*","vary":"Origin"}
pid: 27020
hostname: PC-20190330EPJH

2021-04-12 16:45:53,817 ERROR 27020 [-/::1/-/1ms GET /pg_postgis_mvt/api/v1/yn_zs4326/5/24/12] nodejs.ReferenceError: sql is not defined
    at MvtService.getMvt (E:\codeSpace\postgis\pg_postgis_mvt_egg\app\service\mvt.js:79:30)
    at MvtController.getMvt (E:\codeSpace\postgis\pg_postgis_mvt_egg\app\controller\mvt.js:11:46)
    at Object.callFn (E:\codeSpace\postgis\pg_postgis_mvt_egg\node_modules\egg-core\lib\utils\index.js:44:21)
    at Object.classControllerMiddleware (E:\codeSpace\postgis\pg_postgis_mvt_egg\node_modules\egg-core\lib\loader\mixin\controller.js:87:20)
    at Object.callFn (E:\codeSpace\postgis\pg_postgis_mvt_egg\node_modules\@eggjs\router\lib\utils.js:12:21)
    at wrappedController (E:\codeSpace\postgis\pg_postgis_mvt_egg\node_modules\@eggjs\router\lib\egg_router.js:322:18)
    at dispatch (E:\codeSpace\postgis\pg_postgis_mvt_egg\node_modules\@eggjs\router\node_modules\koa-compose\index.js:44:32)
    at next (E:\codeSpace\postgis\pg_postgis_mvt_egg\node_modules\@eggjs\router\node_modules\koa-compose\index.js:45:18)
    at E:\codeSpace\postgis\pg_postgis_mvt_egg\node_modules\@eggjs\router\lib\router.js:190:18
    at dispatch (E:\codeSpace\postgis\pg_postgis_mvt_egg\node_modules\@eggjs\router\node_modules\koa-compose\index.js:44:32)
    at E:\codeSpace\postgis\pg_postgis_mvt_egg\node_modules\@eggjs\router\node_modules\koa-compose\index.js:36:12
    at dispatch (E:\codeSpace\postgis\pg_postgis_mvt_egg\node_modules\@eggjs\router\lib\router.js:195:33)
    at dispatch (E:\codeSpace\postgis\pg_postgis_mvt_egg\node_modules\koa-compose\index.js:42:32)
    at E:\codeSpace\postgis\pg_postgis_mvt_egg\node_modules\egg-development\app\middleware\egg_loader_trace.js:9:56
    at dispatch (E:\codeSpace\postgis\pg_postgis_mvt_egg\node_modules\koa-compose\index.js:42:32)
    at i18n (E:\codeSpace\postgis\pg_postgis_mvt_egg\node_modules\egg-i18n\app\middleware\i18n.js:13:12)
    at dispatch (E:\codeSpace\postgis\pg_postgis_mvt_egg\node_modules\koa-compose\index.js:42:32)
    at dispatch (E:\codeSpace\postgis\pg_postgis_mvt_egg\node_modules\koa-compose\index.js:42:32)
    at dta (E:\codeSpace\postgis\pg_postgis_mvt_egg\node_modules\egg-security\lib\middlewares\dta.js:12:12)
    at dispatch (E:\codeSpace\postgis\pg_postgis_mvt_egg\node_modules\koa-compose\index.js:42:32)
    at xframe (E:\codeSpace\postgis\pg_postgis_mvt_egg\node_modules\egg-security\lib\middlewares\xframe.js:7:11)
    at dispatch (E:\codeSpace\postgis\pg_postgis_mvt_egg\node_modules\koa-compose\index.js:42:32)
headers: {"Access-Control-Allow-Origin":"*","vary":"Origin"}
pid: 27020
hostname: PC-20190330EPJH

2021-04-12 16:45:53,827 ERROR 27020 [-/::1/-/0ms GET /pg_postgis_mvt/api/v1/yn_zs4326/5/25/13] nodejs.ReferenceError: sql is not defined
    at MvtService.getMvt (E:\codeSpace\postgis\pg_postgis_mvt_egg\app\service\mvt.js:79:30)
    at MvtController.getMvt (E:\codeSpace\postgis\pg_postgis_mvt_egg\app\controller\mvt.js:11:46)
    at Object.callFn (E:\codeSpace\postgis\pg_postgis_mvt_egg\node_modules\egg-core\lib\utils\index.js:44:21)
    at Object.classControllerMiddleware (E:\codeSpace\postgis\pg_postgis_mvt_egg\node_modules\egg-core\lib\loader\mixin\controller.js:87:20)
    at Object.callFn (E:\codeSpace\postgis\pg_postgis_mvt_egg\node_modules\@eggjs\router\lib\utils.js:12:21)
    at wrappedController (E:\codeSpace\postgis\pg_postgis_mvt_egg\node_modules\@eggjs\router\lib\egg_router.js:322:18)
    at dispatch (E:\codeSpace\postgis\pg_postgis_mvt_egg\node_modules\@eggjs\router\node_modules\koa-compose\index.js:44:32)
    at next (E:\codeSpace\postgis\pg_postgis_mvt_egg\node_modules\@eggjs\router\node_modules\koa-compose\index.js:45:18)
    at E:\codeSpace\postgis\pg_postgis_mvt_egg\node_modules\@eggjs\router\lib\router.js:190:18
    at dispatch (E:\codeSpace\postgis\pg_postgis_mvt_egg\node_modules\@eggjs\router\node_modules\koa-compose\index.js:44:32)
    at E:\codeSpace\postgis\pg_postgis_mvt_egg\node_modules\@eggjs\router\node_modules\koa-compose\index.js:36:12
    at dispatch (E:\codeSpace\postgis\pg_postgis_mvt_egg\node_modules\@eggjs\router\lib\router.js:195:33)
    at dispatch (E:\codeSpace\postgis\pg_postgis_mvt_egg\node_modules\koa-compose\index.js:42:32)
    at E:\codeSpace\postgis\pg_postgis_mvt_egg\node_modules\egg-development\app\middleware\egg_loader_trace.js:9:56
    at dispatch (E:\codeSpace\postgis\pg_postgis_mvt_egg\node_modules\koa-compose\index.js:42:32)
    at i18n (E:\codeSpace\postgis\pg_postgis_mvt_egg\node_modules\egg-i18n\app\middleware\i18n.js:13:12)
    at dispatch (E:\codeSpace\postgis\pg_postgis_mvt_egg\node_modules\koa-compose\index.js:42:32)
    at dispatch (E:\codeSpace\postgis\pg_postgis_mvt_egg\node_modules\koa-compose\index.js:42:32)
    at dta (E:\codeSpace\postgis\pg_postgis_mvt_egg\node_modules\egg-security\lib\middlewares\dta.js:12:12)
    at dispatch (E:\codeSpace\postgis\pg_postgis_mvt_egg\node_modules\koa-compose\index.js:42:32)
    at xframe (E:\codeSpace\postgis\pg_postgis_mvt_egg\node_modules\egg-security\lib\middlewares\xframe.js:7:11)
    at dispatch (E:\codeSpace\postgis\pg_postgis_mvt_egg\node_modules\koa-compose\index.js:42:32)
headers: {"Access-Control-Allow-Origin":"*","vary":"Origin"}
pid: 27020
hostname: PC-20190330EPJH

2021-04-12 16:45:53,840 ERROR 27020 [-/::1/-/1ms GET /pg_postgis_mvt/api/v1/yn_zs4326/5/25/12] nodejs.ReferenceError: sql is not defined
    at MvtService.getMvt (E:\codeSpace\postgis\pg_postgis_mvt_egg\app\service\mvt.js:79:30)
    at MvtController.getMvt (E:\codeSpace\postgis\pg_postgis_mvt_egg\app\controller\mvt.js:11:46)
    at Object.callFn (E:\codeSpace\postgis\pg_postgis_mvt_egg\node_modules\egg-core\lib\utils\index.js:44:21)
    at Object.classControllerMiddleware (E:\codeSpace\postgis\pg_postgis_mvt_egg\node_modules\egg-core\lib\loader\mixin\controller.js:87:20)
    at Object.callFn (E:\codeSpace\postgis\pg_postgis_mvt_egg\node_modules\@eggjs\router\lib\utils.js:12:21)
    at wrappedController (E:\codeSpace\postgis\pg_postgis_mvt_egg\node_modules\@eggjs\router\lib\egg_router.js:322:18)
    at dispatch (E:\codeSpace\postgis\pg_postgis_mvt_egg\node_modules\@eggjs\router\node_modules\koa-compose\index.js:44:32)
    at next (E:\codeSpace\postgis\pg_postgis_mvt_egg\node_modules\@eggjs\router\node_modules\koa-compose\index.js:45:18)
    at E:\codeSpace\postgis\pg_postgis_mvt_egg\node_modules\@eggjs\router\lib\router.js:190:18
    at dispatch (E:\codeSpace\postgis\pg_postgis_mvt_egg\node_modules\@eggjs\router\node_modules\koa-compose\index.js:44:32)
    at E:\codeSpace\postgis\pg_postgis_mvt_egg\node_modules\@eggjs\router\node_modules\koa-compose\index.js:36:12
    at dispatch (E:\codeSpace\postgis\pg_postgis_mvt_egg\node_modules\@eggjs\router\lib\router.js:195:33)
    at dispatch (E:\codeSpace\postgis\pg_postgis_mvt_egg\node_modules\koa-compose\index.js:42:32)
    at E:\codeSpace\postgis\pg_postgis_mvt_egg\node_modules\egg-development\app\middleware\egg_loader_trace.js:9:56
    at dispatch (E:\codeSpace\postgis\pg_postgis_mvt_egg\node_modules\koa-compose\index.js:42:32)
    at i18n (E:\codeSpace\postgis\pg_postgis_mvt_egg\node_modules\egg-i18n\app\middleware\i18n.js:13:12)
    at dispatch (E:\codeSpace\postgis\pg_postgis_mvt_egg\node_modules\koa-compose\index.js:42:32)
    at dispatch (E:\codeSpace\postgis\pg_postgis_mvt_egg\node_modules\koa-compose\index.js:42:32)
    at dta (E:\codeSpace\postgis\pg_postgis_mvt_egg\node_modules\egg-security\lib\middlewares\dta.js:12:12)
    at dispatch (E:\codeSpace\postgis\pg_postgis_mvt_egg\node_modules\koa-compose\index.js:42:32)
    at xframe (E:\codeSpace\postgis\pg_postgis_mvt_egg\node_modules\egg-security\lib\middlewares\xframe.js:7:11)
    at dispatch (E:\codeSpace\postgis\pg_postgis_mvt_egg\node_modules\koa-compose\index.js:42:32)
headers: {"Access-Control-Allow-Origin":"*","vary":"Origin"}
pid: 27020
hostname: PC-20190330EPJH

2021-04-12 16:45:53,903 ERROR 27020 [-/::1/-/0ms GET /pg_postgis_mvt/api/v1/yn_zs4326/4/12/6] nodejs.ReferenceError: sql is not defined
    at MvtService.getMvt (E:\codeSpace\postgis\pg_postgis_mvt_egg\app\service\mvt.js:79:30)
    at MvtController.getMvt (E:\codeSpace\postgis\pg_postgis_mvt_egg\app\controller\mvt.js:11:46)
    at Object.callFn (E:\codeSpace\postgis\pg_postgis_mvt_egg\node_modules\egg-core\lib\utils\index.js:44:21)
    at Object.classControllerMiddleware (E:\codeSpace\postgis\pg_postgis_mvt_egg\node_modules\egg-core\lib\loader\mixin\controller.js:87:20)
    at Object.callFn (E:\codeSpace\postgis\pg_postgis_mvt_egg\node_modules\@eggjs\router\lib\utils.js:12:21)
    at wrappedController (E:\codeSpace\postgis\pg_postgis_mvt_egg\node_modules\@eggjs\router\lib\egg_router.js:322:18)
    at dispatch (E:\codeSpace\postgis\pg_postgis_mvt_egg\node_modules\@eggjs\router\node_modules\koa-compose\index.js:44:32)
    at next (E:\codeSpace\postgis\pg_postgis_mvt_egg\node_modules\@eggjs\router\node_modules\koa-compose\index.js:45:18)
    at E:\codeSpace\postgis\pg_postgis_mvt_egg\node_modules\@eggjs\router\lib\router.js:190:18
    at dispatch (E:\codeSpace\postgis\pg_postgis_mvt_egg\node_modules\@eggjs\router\node_modules\koa-compose\index.js:44:32)
    at E:\codeSpace\postgis\pg_postgis_mvt_egg\node_modules\@eggjs\router\node_modules\koa-compose\index.js:36:12
    at dispatch (E:\codeSpace\postgis\pg_postgis_mvt_egg\node_modules\@eggjs\router\lib\router.js:195:33)
    at dispatch (E:\codeSpace\postgis\pg_postgis_mvt_egg\node_modules\koa-compose\index.js:42:32)
    at E:\codeSpace\postgis\pg_postgis_mvt_egg\node_modules\egg-development\app\middleware\egg_loader_trace.js:9:56
    at dispatch (E:\codeSpace\postgis\pg_postgis_mvt_egg\node_modules\koa-compose\index.js:42:32)
    at i18n (E:\codeSpace\postgis\pg_postgis_mvt_egg\node_modules\egg-i18n\app\middleware\i18n.js:13:12)
    at dispatch (E:\codeSpace\postgis\pg_postgis_mvt_egg\node_modules\koa-compose\index.js:42:32)
    at dispatch (E:\codeSpace\postgis\pg_postgis_mvt_egg\node_modules\koa-compose\index.js:42:32)
    at dta (E:\codeSpace\postgis\pg_postgis_mvt_egg\node_modules\egg-security\lib\middlewares\dta.js:12:12)
    at dispatch (E:\codeSpace\postgis\pg_postgis_mvt_egg\node_modules\koa-compose\index.js:42:32)
    at xframe (E:\codeSpace\postgis\pg_postgis_mvt_egg\node_modules\egg-security\lib\middlewares\xframe.js:7:11)
    at dispatch (E:\codeSpace\postgis\pg_postgis_mvt_egg\node_modules\koa-compose\index.js:42:32)
headers: {"Access-Control-Allow-Origin":"*","vary":"Origin"}
pid: 27020
hostname: PC-20190330EPJH

2021-04-12 16:45:54,049 ERROR 27020 [-/::1/-/1ms GET /pg_postgis_mvt/api/v1/yn_zs4326/3/6/3] nodejs.ReferenceError: sql is not defined
    at MvtService.getMvt (E:\codeSpace\postgis\pg_postgis_mvt_egg\app\service\mvt.js:79:30)
    at MvtController.getMvt (E:\codeSpace\postgis\pg_postgis_mvt_egg\app\controller\mvt.js:11:46)
    at Object.callFn (E:\codeSpace\postgis\pg_postgis_mvt_egg\node_modules\egg-core\lib\utils\index.js:44:21)
    at Object.classControllerMiddleware (E:\codeSpace\postgis\pg_postgis_mvt_egg\node_modules\egg-core\lib\loader\mixin\controller.js:87:20)
    at Object.callFn (E:\codeSpace\postgis\pg_postgis_mvt_egg\node_modules\@eggjs\router\lib\utils.js:12:21)
    at wrappedController (E:\codeSpace\postgis\pg_postgis_mvt_egg\node_modules\@eggjs\router\lib\egg_router.js:322:18)
    at dispatch (E:\codeSpace\postgis\pg_postgis_mvt_egg\node_modules\@eggjs\router\node_modules\koa-compose\index.js:44:32)
    at next (E:\codeSpace\postgis\pg_postgis_mvt_egg\node_modules\@eggjs\router\node_modules\koa-compose\index.js:45:18)
    at E:\codeSpace\postgis\pg_postgis_mvt_egg\node_modules\@eggjs\router\lib\router.js:190:18
    at dispatch (E:\codeSpace\postgis\pg_postgis_mvt_egg\node_modules\@eggjs\router\node_modules\koa-compose\index.js:44:32)
    at E:\codeSpace\postgis\pg_postgis_mvt_egg\node_modules\@eggjs\router\node_modules\koa-compose\index.js:36:12
    at dispatch (E:\codeSpace\postgis\pg_postgis_mvt_egg\node_modules\@eggjs\router\lib\router.js:195:33)
    at dispatch (E:\codeSpace\postgis\pg_postgis_mvt_egg\node_modules\koa-compose\index.js:42:32)
    at E:\codeSpace\postgis\pg_postgis_mvt_egg\node_modules\egg-development\app\middleware\egg_loader_trace.js:9:56
    at dispatch (E:\codeSpace\postgis\pg_postgis_mvt_egg\node_modules\koa-compose\index.js:42:32)
    at i18n (E:\codeSpace\postgis\pg_postgis_mvt_egg\node_modules\egg-i18n\app\middleware\i18n.js:13:12)
    at dispatch (E:\codeSpace\postgis\pg_postgis_mvt_egg\node_modules\koa-compose\index.js:42:32)
    at dispatch (E:\codeSpace\postgis\pg_postgis_mvt_egg\node_modules\koa-compose\index.js:42:32)
    at dta (E:\codeSpace\postgis\pg_postgis_mvt_egg\node_modules\egg-security\lib\middlewares\dta.js:12:12)
    at dispatch (E:\codeSpace\postgis\pg_postgis_mvt_egg\node_modules\koa-compose\index.js:42:32)
    at xframe (E:\codeSpace\postgis\pg_postgis_mvt_egg\node_modules\egg-security\lib\middlewares\xframe.js:7:11)
    at dispatch (E:\codeSpace\postgis\pg_postgis_mvt_egg\node_modules\koa-compose\index.js:42:32)
headers: {"Access-Control-Allow-Origin":"*","vary":"Origin"}
pid: 27020
hostname: PC-20190330EPJH

2021-04-12 16:45:54,102 ERROR 27020 [-/::1/-/1ms GET /pg_postgis_mvt/api/v1/yn_zs4326/2/3/1] nodejs.ReferenceError: sql is not defined
    at MvtService.getMvt (E:\codeSpace\postgis\pg_postgis_mvt_egg\app\service\mvt.js:79:30)
    at MvtController.getMvt (E:\codeSpace\postgis\pg_postgis_mvt_egg\app\controller\mvt.js:11:46)
    at Object.callFn (E:\codeSpace\postgis\pg_postgis_mvt_egg\node_modules\egg-core\lib\utils\index.js:44:21)
    at Object.classControllerMiddleware (E:\codeSpace\postgis\pg_postgis_mvt_egg\node_modules\egg-core\lib\loader\mixin\controller.js:87:20)
    at Object.callFn (E:\codeSpace\postgis\pg_postgis_mvt_egg\node_modules\@eggjs\router\lib\utils.js:12:21)
    at wrappedController (E:\codeSpace\postgis\pg_postgis_mvt_egg\node_modules\@eggjs\router\lib\egg_router.js:322:18)
    at dispatch (E:\codeSpace\postgis\pg_postgis_mvt_egg\node_modules\@eggjs\router\node_modules\koa-compose\index.js:44:32)
    at next (E:\codeSpace\postgis\pg_postgis_mvt_egg\node_modules\@eggjs\router\node_modules\koa-compose\index.js:45:18)
    at E:\codeSpace\postgis\pg_postgis_mvt_egg\node_modules\@eggjs\router\lib\router.js:190:18
    at dispatch (E:\codeSpace\postgis\pg_postgis_mvt_egg\node_modules\@eggjs\router\node_modules\koa-compose\index.js:44:32)
    at E:\codeSpace\postgis\pg_postgis_mvt_egg\node_modules\@eggjs\router\node_modules\koa-compose\index.js:36:12
    at dispatch (E:\codeSpace\postgis\pg_postgis_mvt_egg\node_modules\@eggjs\router\lib\router.js:195:33)
    at dispatch (E:\codeSpace\postgis\pg_postgis_mvt_egg\node_modules\koa-compose\index.js:42:32)
    at E:\codeSpace\postgis\pg_postgis_mvt_egg\node_modules\egg-development\app\middleware\egg_loader_trace.js:9:56
    at dispatch (E:\codeSpace\postgis\pg_postgis_mvt_egg\node_modules\koa-compose\index.js:42:32)
    at i18n (E:\codeSpace\postgis\pg_postgis_mvt_egg\node_modules\egg-i18n\app\middleware\i18n.js:13:12)
    at dispatch (E:\codeSpace\postgis\pg_postgis_mvt_egg\node_modules\koa-compose\index.js:42:32)
    at dispatch (E:\codeSpace\postgis\pg_postgis_mvt_egg\node_modules\koa-compose\index.js:42:32)
    at dta (E:\codeSpace\postgis\pg_postgis_mvt_egg\node_modules\egg-security\lib\middlewares\dta.js:12:12)
    at dispatch (E:\codeSpace\postgis\pg_postgis_mvt_egg\node_modules\koa-compose\index.js:42:32)
    at xframe (E:\codeSpace\postgis\pg_postgis_mvt_egg\node_modules\egg-security\lib\middlewares\xframe.js:7:11)
    at dispatch (E:\codeSpace\postgis\pg_postgis_mvt_egg\node_modules\koa-compose\index.js:42:32)
headers: {"Access-Control-Allow-Origin":"*","vary":"Origin"}
pid: 27020
hostname: PC-20190330EPJH

2021-04-12 16:45:54,183 ERROR 27020 [-/::1/-/0ms GET /pg_postgis_mvt/api/v1/yn_zs4326/1/1/0] nodejs.ReferenceError: sql is not defined
    at MvtService.getMvt (E:\codeSpace\postgis\pg_postgis_mvt_egg\app\service\mvt.js:79:30)
    at MvtController.getMvt (E:\codeSpace\postgis\pg_postgis_mvt_egg\app\controller\mvt.js:11:46)
    at Object.callFn (E:\codeSpace\postgis\pg_postgis_mvt_egg\node_modules\egg-core\lib\utils\index.js:44:21)
    at Object.classControllerMiddleware (E:\codeSpace\postgis\pg_postgis_mvt_egg\node_modules\egg-core\lib\loader\mixin\controller.js:87:20)
    at Object.callFn (E:\codeSpace\postgis\pg_postgis_mvt_egg\node_modules\@eggjs\router\lib\utils.js:12:21)
    at wrappedController (E:\codeSpace\postgis\pg_postgis_mvt_egg\node_modules\@eggjs\router\lib\egg_router.js:322:18)
    at dispatch (E:\codeSpace\postgis\pg_postgis_mvt_egg\node_modules\@eggjs\router\node_modules\koa-compose\index.js:44:32)
    at next (E:\codeSpace\postgis\pg_postgis_mvt_egg\node_modules\@eggjs\router\node_modules\koa-compose\index.js:45:18)
    at E:\codeSpace\postgis\pg_postgis_mvt_egg\node_modules\@eggjs\router\lib\router.js:190:18
    at dispatch (E:\codeSpace\postgis\pg_postgis_mvt_egg\node_modules\@eggjs\router\node_modules\koa-compose\index.js:44:32)
    at E:\codeSpace\postgis\pg_postgis_mvt_egg\node_modules\@eggjs\router\node_modules\koa-compose\index.js:36:12
    at dispatch (E:\codeSpace\postgis\pg_postgis_mvt_egg\node_modules\@eggjs\router\lib\router.js:195:33)
    at dispatch (E:\codeSpace\postgis\pg_postgis_mvt_egg\node_modules\koa-compose\index.js:42:32)
    at E:\codeSpace\postgis\pg_postgis_mvt_egg\node_modules\egg-development\app\middleware\egg_loader_trace.js:9:56
    at dispatch (E:\codeSpace\postgis\pg_postgis_mvt_egg\node_modules\koa-compose\index.js:42:32)
    at i18n (E:\codeSpace\postgis\pg_postgis_mvt_egg\node_modules\egg-i18n\app\middleware\i18n.js:13:12)
    at dispatch (E:\codeSpace\postgis\pg_postgis_mvt_egg\node_modules\koa-compose\index.js:42:32)
    at dispatch (E:\codeSpace\postgis\pg_postgis_mvt_egg\node_modules\koa-compose\index.js:42:32)
    at dta (E:\codeSpace\postgis\pg_postgis_mvt_egg\node_modules\egg-security\lib\middlewares\dta.js:12:12)
    at dispatch (E:\codeSpace\postgis\pg_postgis_mvt_egg\node_modules\koa-compose\index.js:42:32)
    at xframe (E:\codeSpace\postgis\pg_postgis_mvt_egg\node_modules\egg-security\lib\middlewares\xframe.js:7:11)
    at dispatch (E:\codeSpace\postgis\pg_postgis_mvt_egg\node_modules\koa-compose\index.js:42:32)
headers: {"Access-Control-Allow-Origin":"*","vary":"Origin"}
pid: 27020
hostname: PC-20190330EPJH

2021-04-12 16:45:54,215 ERROR 27020 [-/::1/-/1ms GET /pg_postgis_mvt/api/v1/yn_zs4326/0/0/0] nodejs.ReferenceError: sql is not defined
    at MvtService.getMvt (E:\codeSpace\postgis\pg_postgis_mvt_egg\app\service\mvt.js:79:30)
    at MvtController.getMvt (E:\codeSpace\postgis\pg_postgis_mvt_egg\app\controller\mvt.js:11:46)
    at Object.callFn (E:\codeSpace\postgis\pg_postgis_mvt_egg\node_modules\egg-core\lib\utils\index.js:44:21)
    at Object.classControllerMiddleware (E:\codeSpace\postgis\pg_postgis_mvt_egg\node_modules\egg-core\lib\loader\mixin\controller.js:87:20)
    at Object.callFn (E:\codeSpace\postgis\pg_postgis_mvt_egg\node_modules\@eggjs\router\lib\utils.js:12:21)
    at wrappedController (E:\codeSpace\postgis\pg_postgis_mvt_egg\node_modules\@eggjs\router\lib\egg_router.js:322:18)
    at dispatch (E:\codeSpace\postgis\pg_postgis_mvt_egg\node_modules\@eggjs\router\node_modules\koa-compose\index.js:44:32)
    at next (E:\codeSpace\postgis\pg_postgis_mvt_egg\node_modules\@eggjs\router\node_modules\koa-compose\index.js:45:18)
    at E:\codeSpace\postgis\pg_postgis_mvt_egg\node_modules\@eggjs\router\lib\router.js:190:18
    at dispatch (E:\codeSpace\postgis\pg_postgis_mvt_egg\node_modules\@eggjs\router\node_modules\koa-compose\index.js:44:32)
    at E:\codeSpace\postgis\pg_postgis_mvt_egg\node_modules\@eggjs\router\node_modules\koa-compose\index.js:36:12
    at dispatch (E:\codeSpace\postgis\pg_postgis_mvt_egg\node_modules\@eggjs\router\lib\router.js:195:33)
    at dispatch (E:\codeSpace\postgis\pg_postgis_mvt_egg\node_modules\koa-compose\index.js:42:32)
    at E:\codeSpace\postgis\pg_postgis_mvt_egg\node_modules\egg-development\app\middleware\egg_loader_trace.js:9:56
    at dispatch (E:\codeSpace\postgis\pg_postgis_mvt_egg\node_modules\koa-compose\index.js:42:32)
    at i18n (E:\codeSpace\postgis\pg_postgis_mvt_egg\node_modules\egg-i18n\app\middleware\i18n.js:13:12)
    at dispatch (E:\codeSpace\postgis\pg_postgis_mvt_egg\node_modules\koa-compose\index.js:42:32)
    at dispatch (E:\codeSpace\postgis\pg_postgis_mvt_egg\node_modules\koa-compose\index.js:42:32)
    at dta (E:\codeSpace\postgis\pg_postgis_mvt_egg\node_modules\egg-security\lib\middlewares\dta.js:12:12)
    at dispatch (E:\codeSpace\postgis\pg_postgis_mvt_egg\node_modules\koa-compose\index.js:42:32)
    at xframe (E:\codeSpace\postgis\pg_postgis_mvt_egg\node_modules\egg-security\lib\middlewares\xframe.js:7:11)
    at dispatch (E:\codeSpace\postgis\pg_postgis_mvt_egg\node_modules\koa-compose\index.js:42:32)
headers: {"Access-Control-Allow-Origin":"*","vary":"Origin"}
pid: 27020
hostname: PC-20190330EPJH

2021-04-12 16:46:30,774 ERROR 27020 [-/::1/-/1ms GET /pg_postgis_mvt/api/v1/geo_datas/5/24/13] nodejs.ReferenceError: sql is not defined
    at MvtService.getMvt (E:\codeSpace\postgis\pg_postgis_mvt_egg\app\service\mvt.js:79:30)
    at MvtController.getMvt (E:\codeSpace\postgis\pg_postgis_mvt_egg\app\controller\mvt.js:11:46)
    at Object.callFn (E:\codeSpace\postgis\pg_postgis_mvt_egg\node_modules\egg-core\lib\utils\index.js:44:21)
    at Object.classControllerMiddleware (E:\codeSpace\postgis\pg_postgis_mvt_egg\node_modules\egg-core\lib\loader\mixin\controller.js:87:20)
    at Object.callFn (E:\codeSpace\postgis\pg_postgis_mvt_egg\node_modules\@eggjs\router\lib\utils.js:12:21)
    at wrappedController (E:\codeSpace\postgis\pg_postgis_mvt_egg\node_modules\@eggjs\router\lib\egg_router.js:322:18)
    at dispatch (E:\codeSpace\postgis\pg_postgis_mvt_egg\node_modules\@eggjs\router\node_modules\koa-compose\index.js:44:32)
    at next (E:\codeSpace\postgis\pg_postgis_mvt_egg\node_modules\@eggjs\router\node_modules\koa-compose\index.js:45:18)
    at E:\codeSpace\postgis\pg_postgis_mvt_egg\node_modules\@eggjs\router\lib\router.js:190:18
    at dispatch (E:\codeSpace\postgis\pg_postgis_mvt_egg\node_modules\@eggjs\router\node_modules\koa-compose\index.js:44:32)
    at E:\codeSpace\postgis\pg_postgis_mvt_egg\node_modules\@eggjs\router\node_modules\koa-compose\index.js:36:12
    at dispatch (E:\codeSpace\postgis\pg_postgis_mvt_egg\node_modules\@eggjs\router\lib\router.js:195:33)
    at dispatch (E:\codeSpace\postgis\pg_postgis_mvt_egg\node_modules\koa-compose\index.js:42:32)
    at E:\codeSpace\postgis\pg_postgis_mvt_egg\node_modules\egg-development\app\middleware\egg_loader_trace.js:9:56
    at dispatch (E:\codeSpace\postgis\pg_postgis_mvt_egg\node_modules\koa-compose\index.js:42:32)
    at i18n (E:\codeSpace\postgis\pg_postgis_mvt_egg\node_modules\egg-i18n\app\middleware\i18n.js:13:12)
    at dispatch (E:\codeSpace\postgis\pg_postgis_mvt_egg\node_modules\koa-compose\index.js:42:32)
    at dispatch (E:\codeSpace\postgis\pg_postgis_mvt_egg\node_modules\koa-compose\index.js:42:32)
    at dta (E:\codeSpace\postgis\pg_postgis_mvt_egg\node_modules\egg-security\lib\middlewares\dta.js:12:12)
    at dispatch (E:\codeSpace\postgis\pg_postgis_mvt_egg\node_modules\koa-compose\index.js:42:32)
    at xframe (E:\codeSpace\postgis\pg_postgis_mvt_egg\node_modules\egg-security\lib\middlewares\xframe.js:7:11)
    at dispatch (E:\codeSpace\postgis\pg_postgis_mvt_egg\node_modules\koa-compose\index.js:42:32)
headers: {"Access-Control-Allow-Origin":"*","vary":"Origin"}
pid: 27020
hostname: PC-20190330EPJH

2021-04-12 16:46:30,787 ERROR 27020 [-/::1/-/0ms GET /pg_postgis_mvt/api/v1/geo_datas/5/24/12] nodejs.ReferenceError: sql is not defined
    at MvtService.getMvt (E:\codeSpace\postgis\pg_postgis_mvt_egg\app\service\mvt.js:79:30)
    at MvtController.getMvt (E:\codeSpace\postgis\pg_postgis_mvt_egg\app\controller\mvt.js:11:46)
    at Object.callFn (E:\codeSpace\postgis\pg_postgis_mvt_egg\node_modules\egg-core\lib\utils\index.js:44:21)
    at Object.classControllerMiddleware (E:\codeSpace\postgis\pg_postgis_mvt_egg\node_modules\egg-core\lib\loader\mixin\controller.js:87:20)
    at Object.callFn (E:\codeSpace\postgis\pg_postgis_mvt_egg\node_modules\@eggjs\router\lib\utils.js:12:21)
    at wrappedController (E:\codeSpace\postgis\pg_postgis_mvt_egg\node_modules\@eggjs\router\lib\egg_router.js:322:18)
    at dispatch (E:\codeSpace\postgis\pg_postgis_mvt_egg\node_modules\@eggjs\router\node_modules\koa-compose\index.js:44:32)
    at next (E:\codeSpace\postgis\pg_postgis_mvt_egg\node_modules\@eggjs\router\node_modules\koa-compose\index.js:45:18)
    at E:\codeSpace\postgis\pg_postgis_mvt_egg\node_modules\@eggjs\router\lib\router.js:190:18
    at dispatch (E:\codeSpace\postgis\pg_postgis_mvt_egg\node_modules\@eggjs\router\node_modules\koa-compose\index.js:44:32)
    at E:\codeSpace\postgis\pg_postgis_mvt_egg\node_modules\@eggjs\router\node_modules\koa-compose\index.js:36:12
    at dispatch (E:\codeSpace\postgis\pg_postgis_mvt_egg\node_modules\@eggjs\router\lib\router.js:195:33)
    at dispatch (E:\codeSpace\postgis\pg_postgis_mvt_egg\node_modules\koa-compose\index.js:42:32)
    at E:\codeSpace\postgis\pg_postgis_mvt_egg\node_modules\egg-development\app\middleware\egg_loader_trace.js:9:56
    at dispatch (E:\codeSpace\postgis\pg_postgis_mvt_egg\node_modules\koa-compose\index.js:42:32)
    at i18n (E:\codeSpace\postgis\pg_postgis_mvt_egg\node_modules\egg-i18n\app\middleware\i18n.js:13:12)
    at dispatch (E:\codeSpace\postgis\pg_postgis_mvt_egg\node_modules\koa-compose\index.js:42:32)
    at dispatch (E:\codeSpace\postgis\pg_postgis_mvt_egg\node_modules\koa-compose\index.js:42:32)
    at dta (E:\codeSpace\postgis\pg_postgis_mvt_egg\node_modules\egg-security\lib\middlewares\dta.js:12:12)
    at dispatch (E:\codeSpace\postgis\pg_postgis_mvt_egg\node_modules\koa-compose\index.js:42:32)
    at xframe (E:\codeSpace\postgis\pg_postgis_mvt_egg\node_modules\egg-security\lib\middlewares\xframe.js:7:11)
    at dispatch (E:\codeSpace\postgis\pg_postgis_mvt_egg\node_modules\koa-compose\index.js:42:32)
headers: {"Access-Control-Allow-Origin":"*","vary":"Origin"}
pid: 27020
hostname: PC-20190330EPJH

2021-04-12 16:46:30,796 ERROR 27020 [-/::1/-/1ms GET /pg_postgis_mvt/api/v1/geo_datas/5/25/13] nodejs.ReferenceError: sql is not defined
    at MvtService.getMvt (E:\codeSpace\postgis\pg_postgis_mvt_egg\app\service\mvt.js:79:30)
    at MvtController.getMvt (E:\codeSpace\postgis\pg_postgis_mvt_egg\app\controller\mvt.js:11:46)
    at Object.callFn (E:\codeSpace\postgis\pg_postgis_mvt_egg\node_modules\egg-core\lib\utils\index.js:44:21)
    at Object.classControllerMiddleware (E:\codeSpace\postgis\pg_postgis_mvt_egg\node_modules\egg-core\lib\loader\mixin\controller.js:87:20)
    at Object.callFn (E:\codeSpace\postgis\pg_postgis_mvt_egg\node_modules\@eggjs\router\lib\utils.js:12:21)
    at wrappedController (E:\codeSpace\postgis\pg_postgis_mvt_egg\node_modules\@eggjs\router\lib\egg_router.js:322:18)
    at dispatch (E:\codeSpace\postgis\pg_postgis_mvt_egg\node_modules\@eggjs\router\node_modules\koa-compose\index.js:44:32)
    at next (E:\codeSpace\postgis\pg_postgis_mvt_egg\node_modules\@eggjs\router\node_modules\koa-compose\index.js:45:18)
    at E:\codeSpace\postgis\pg_postgis_mvt_egg\node_modules\@eggjs\router\lib\router.js:190:18
    at dispatch (E:\codeSpace\postgis\pg_postgis_mvt_egg\node_modules\@eggjs\router\node_modules\koa-compose\index.js:44:32)
    at E:\codeSpace\postgis\pg_postgis_mvt_egg\node_modules\@eggjs\router\node_modules\koa-compose\index.js:36:12
    at dispatch (E:\codeSpace\postgis\pg_postgis_mvt_egg\node_modules\@eggjs\router\lib\router.js:195:33)
    at dispatch (E:\codeSpace\postgis\pg_postgis_mvt_egg\node_modules\koa-compose\index.js:42:32)
    at E:\codeSpace\postgis\pg_postgis_mvt_egg\node_modules\egg-development\app\middleware\egg_loader_trace.js:9:56
    at dispatch (E:\codeSpace\postgis\pg_postgis_mvt_egg\node_modules\koa-compose\index.js:42:32)
    at i18n (E:\codeSpace\postgis\pg_postgis_mvt_egg\node_modules\egg-i18n\app\middleware\i18n.js:13:12)
    at dispatch (E:\codeSpace\postgis\pg_postgis_mvt_egg\node_modules\koa-compose\index.js:42:32)
    at dispatch (E:\codeSpace\postgis\pg_postgis_mvt_egg\node_modules\koa-compose\index.js:42:32)
    at dta (E:\codeSpace\postgis\pg_postgis_mvt_egg\node_modules\egg-security\lib\middlewares\dta.js:12:12)
    at dispatch (E:\codeSpace\postgis\pg_postgis_mvt_egg\node_modules\koa-compose\index.js:42:32)
    at xframe (E:\codeSpace\postgis\pg_postgis_mvt_egg\node_modules\egg-security\lib\middlewares\xframe.js:7:11)
    at dispatch (E:\codeSpace\postgis\pg_postgis_mvt_egg\node_modules\koa-compose\index.js:42:32)
headers: {"Access-Control-Allow-Origin":"*","vary":"Origin"}
pid: 27020
hostname: PC-20190330EPJH

2021-04-12 16:46:30,816 ERROR 27020 [-/::1/-/0ms GET /pg_postgis_mvt/api/v1/geo_datas/5/25/12] nodejs.ReferenceError: sql is not defined
    at MvtService.getMvt (E:\codeSpace\postgis\pg_postgis_mvt_egg\app\service\mvt.js:79:30)
    at MvtController.getMvt (E:\codeSpace\postgis\pg_postgis_mvt_egg\app\controller\mvt.js:11:46)
    at Object.callFn (E:\codeSpace\postgis\pg_postgis_mvt_egg\node_modules\egg-core\lib\utils\index.js:44:21)
    at Object.classControllerMiddleware (E:\codeSpace\postgis\pg_postgis_mvt_egg\node_modules\egg-core\lib\loader\mixin\controller.js:87:20)
    at Object.callFn (E:\codeSpace\postgis\pg_postgis_mvt_egg\node_modules\@eggjs\router\lib\utils.js:12:21)
    at wrappedController (E:\codeSpace\postgis\pg_postgis_mvt_egg\node_modules\@eggjs\router\lib\egg_router.js:322:18)
    at dispatch (E:\codeSpace\postgis\pg_postgis_mvt_egg\node_modules\@eggjs\router\node_modules\koa-compose\index.js:44:32)
    at next (E:\codeSpace\postgis\pg_postgis_mvt_egg\node_modules\@eggjs\router\node_modules\koa-compose\index.js:45:18)
    at E:\codeSpace\postgis\pg_postgis_mvt_egg\node_modules\@eggjs\router\lib\router.js:190:18
    at dispatch (E:\codeSpace\postgis\pg_postgis_mvt_egg\node_modules\@eggjs\router\node_modules\koa-compose\index.js:44:32)
    at E:\codeSpace\postgis\pg_postgis_mvt_egg\node_modules\@eggjs\router\node_modules\koa-compose\index.js:36:12
    at dispatch (E:\codeSpace\postgis\pg_postgis_mvt_egg\node_modules\@eggjs\router\lib\router.js:195:33)
    at dispatch (E:\codeSpace\postgis\pg_postgis_mvt_egg\node_modules\koa-compose\index.js:42:32)
    at E:\codeSpace\postgis\pg_postgis_mvt_egg\node_modules\egg-development\app\middleware\egg_loader_trace.js:9:56
    at dispatch (E:\codeSpace\postgis\pg_postgis_mvt_egg\node_modules\koa-compose\index.js:42:32)
    at i18n (E:\codeSpace\postgis\pg_postgis_mvt_egg\node_modules\egg-i18n\app\middleware\i18n.js:13:12)
    at dispatch (E:\codeSpace\postgis\pg_postgis_mvt_egg\node_modules\koa-compose\index.js:42:32)
    at dispatch (E:\codeSpace\postgis\pg_postgis_mvt_egg\node_modules\koa-compose\index.js:42:32)
    at dta (E:\codeSpace\postgis\pg_postgis_mvt_egg\node_modules\egg-security\lib\middlewares\dta.js:12:12)
    at dispatch (E:\codeSpace\postgis\pg_postgis_mvt_egg\node_modules\koa-compose\index.js:42:32)
    at xframe (E:\codeSpace\postgis\pg_postgis_mvt_egg\node_modules\egg-security\lib\middlewares\xframe.js:7:11)
    at dispatch (E:\codeSpace\postgis\pg_postgis_mvt_egg\node_modules\koa-compose\index.js:42:32)
headers: {"Access-Control-Allow-Origin":"*","vary":"Origin"}
pid: 27020
hostname: PC-20190330EPJH

2021-04-12 16:46:30,984 ERROR 27020 [-/::1/-/0ms GET /pg_postgis_mvt/api/v1/geo_datas/4/12/6] nodejs.ReferenceError: sql is not defined
    at MvtService.getMvt (E:\codeSpace\postgis\pg_postgis_mvt_egg\app\service\mvt.js:79:30)
    at MvtController.getMvt (E:\codeSpace\postgis\pg_postgis_mvt_egg\app\controller\mvt.js:11:46)
    at Object.callFn (E:\codeSpace\postgis\pg_postgis_mvt_egg\node_modules\egg-core\lib\utils\index.js:44:21)
    at Object.classControllerMiddleware (E:\codeSpace\postgis\pg_postgis_mvt_egg\node_modules\egg-core\lib\loader\mixin\controller.js:87:20)
    at Object.callFn (E:\codeSpace\postgis\pg_postgis_mvt_egg\node_modules\@eggjs\router\lib\utils.js:12:21)
    at wrappedController (E:\codeSpace\postgis\pg_postgis_mvt_egg\node_modules\@eggjs\router\lib\egg_router.js:322:18)
    at dispatch (E:\codeSpace\postgis\pg_postgis_mvt_egg\node_modules\@eggjs\router\node_modules\koa-compose\index.js:44:32)
    at next (E:\codeSpace\postgis\pg_postgis_mvt_egg\node_modules\@eggjs\router\node_modules\koa-compose\index.js:45:18)
    at E:\codeSpace\postgis\pg_postgis_mvt_egg\node_modules\@eggjs\router\lib\router.js:190:18
    at dispatch (E:\codeSpace\postgis\pg_postgis_mvt_egg\node_modules\@eggjs\router\node_modules\koa-compose\index.js:44:32)
    at E:\codeSpace\postgis\pg_postgis_mvt_egg\node_modules\@eggjs\router\node_modules\koa-compose\index.js:36:12
    at dispatch (E:\codeSpace\postgis\pg_postgis_mvt_egg\node_modules\@eggjs\router\lib\router.js:195:33)
    at dispatch (E:\codeSpace\postgis\pg_postgis_mvt_egg\node_modules\koa-compose\index.js:42:32)
    at E:\codeSpace\postgis\pg_postgis_mvt_egg\node_modules\egg-development\app\middleware\egg_loader_trace.js:9:56
    at dispatch (E:\codeSpace\postgis\pg_postgis_mvt_egg\node_modules\koa-compose\index.js:42:32)
    at i18n (E:\codeSpace\postgis\pg_postgis_mvt_egg\node_modules\egg-i18n\app\middleware\i18n.js:13:12)
    at dispatch (E:\codeSpace\postgis\pg_postgis_mvt_egg\node_modules\koa-compose\index.js:42:32)
    at dispatch (E:\codeSpace\postgis\pg_postgis_mvt_egg\node_modules\koa-compose\index.js:42:32)
    at dta (E:\codeSpace\postgis\pg_postgis_mvt_egg\node_modules\egg-security\lib\middlewares\dta.js:12:12)
    at dispatch (E:\codeSpace\postgis\pg_postgis_mvt_egg\node_modules\koa-compose\index.js:42:32)
    at xframe (E:\codeSpace\postgis\pg_postgis_mvt_egg\node_modules\egg-security\lib\middlewares\xframe.js:7:11)
    at dispatch (E:\codeSpace\postgis\pg_postgis_mvt_egg\node_modules\koa-compose\index.js:42:32)
headers: {"Access-Control-Allow-Origin":"*","vary":"Origin"}
pid: 27020
hostname: PC-20190330EPJH

2021-04-12 16:46:31,031 ERROR 27020 [-/::1/-/1ms GET /pg_postgis_mvt/api/v1/geo_datas/3/6/3] nodejs.ReferenceError: sql is not defined
    at MvtService.getMvt (E:\codeSpace\postgis\pg_postgis_mvt_egg\app\service\mvt.js:79:30)
    at MvtController.getMvt (E:\codeSpace\postgis\pg_postgis_mvt_egg\app\controller\mvt.js:11:46)
    at Object.callFn (E:\codeSpace\postgis\pg_postgis_mvt_egg\node_modules\egg-core\lib\utils\index.js:44:21)
    at Object.classControllerMiddleware (E:\codeSpace\postgis\pg_postgis_mvt_egg\node_modules\egg-core\lib\loader\mixin\controller.js:87:20)
    at Object.callFn (E:\codeSpace\postgis\pg_postgis_mvt_egg\node_modules\@eggjs\router\lib\utils.js:12:21)
    at wrappedController (E:\codeSpace\postgis\pg_postgis_mvt_egg\node_modules\@eggjs\router\lib\egg_router.js:322:18)
    at dispatch (E:\codeSpace\postgis\pg_postgis_mvt_egg\node_modules\@eggjs\router\node_modules\koa-compose\index.js:44:32)
    at next (E:\codeSpace\postgis\pg_postgis_mvt_egg\node_modules\@eggjs\router\node_modules\koa-compose\index.js:45:18)
    at E:\codeSpace\postgis\pg_postgis_mvt_egg\node_modules\@eggjs\router\lib\router.js:190:18
    at dispatch (E:\codeSpace\postgis\pg_postgis_mvt_egg\node_modules\@eggjs\router\node_modules\koa-compose\index.js:44:32)
    at E:\codeSpace\postgis\pg_postgis_mvt_egg\node_modules\@eggjs\router\node_modules\koa-compose\index.js:36:12
    at dispatch (E:\codeSpace\postgis\pg_postgis_mvt_egg\node_modules\@eggjs\router\lib\router.js:195:33)
    at dispatch (E:\codeSpace\postgis\pg_postgis_mvt_egg\node_modules\koa-compose\index.js:42:32)
    at E:\codeSpace\postgis\pg_postgis_mvt_egg\node_modules\egg-development\app\middleware\egg_loader_trace.js:9:56
    at dispatch (E:\codeSpace\postgis\pg_postgis_mvt_egg\node_modules\koa-compose\index.js:42:32)
    at i18n (E:\codeSpace\postgis\pg_postgis_mvt_egg\node_modules\egg-i18n\app\middleware\i18n.js:13:12)
    at dispatch (E:\codeSpace\postgis\pg_postgis_mvt_egg\node_modules\koa-compose\index.js:42:32)
    at dispatch (E:\codeSpace\postgis\pg_postgis_mvt_egg\node_modules\koa-compose\index.js:42:32)
    at dta (E:\codeSpace\postgis\pg_postgis_mvt_egg\node_modules\egg-security\lib\middlewares\dta.js:12:12)
    at dispatch (E:\codeSpace\postgis\pg_postgis_mvt_egg\node_modules\koa-compose\index.js:42:32)
    at xframe (E:\codeSpace\postgis\pg_postgis_mvt_egg\node_modules\egg-security\lib\middlewares\xframe.js:7:11)
    at dispatch (E:\codeSpace\postgis\pg_postgis_mvt_egg\node_modules\koa-compose\index.js:42:32)
headers: {"Access-Control-Allow-Origin":"*","vary":"Origin"}
pid: 27020
hostname: PC-20190330EPJH

2021-04-12 16:46:31,565 ERROR 27020 [-/::1/-/0ms GET /pg_postgis_mvt/api/v1/geo_datas/2/3/1] nodejs.ReferenceError: sql is not defined
    at MvtService.getMvt (E:\codeSpace\postgis\pg_postgis_mvt_egg\app\service\mvt.js:79:30)
    at MvtController.getMvt (E:\codeSpace\postgis\pg_postgis_mvt_egg\app\controller\mvt.js:11:46)
    at Object.callFn (E:\codeSpace\postgis\pg_postgis_mvt_egg\node_modules\egg-core\lib\utils\index.js:44:21)
    at Object.classControllerMiddleware (E:\codeSpace\postgis\pg_postgis_mvt_egg\node_modules\egg-core\lib\loader\mixin\controller.js:87:20)
    at Object.callFn (E:\codeSpace\postgis\pg_postgis_mvt_egg\node_modules\@eggjs\router\lib\utils.js:12:21)
    at wrappedController (E:\codeSpace\postgis\pg_postgis_mvt_egg\node_modules\@eggjs\router\lib\egg_router.js:322:18)
    at dispatch (E:\codeSpace\postgis\pg_postgis_mvt_egg\node_modules\@eggjs\router\node_modules\koa-compose\index.js:44:32)
    at next (E:\codeSpace\postgis\pg_postgis_mvt_egg\node_modules\@eggjs\router\node_modules\koa-compose\index.js:45:18)
    at E:\codeSpace\postgis\pg_postgis_mvt_egg\node_modules\@eggjs\router\lib\router.js:190:18
    at dispatch (E:\codeSpace\postgis\pg_postgis_mvt_egg\node_modules\@eggjs\router\node_modules\koa-compose\index.js:44:32)
    at E:\codeSpace\postgis\pg_postgis_mvt_egg\node_modules\@eggjs\router\node_modules\koa-compose\index.js:36:12
    at dispatch (E:\codeSpace\postgis\pg_postgis_mvt_egg\node_modules\@eggjs\router\lib\router.js:195:33)
    at dispatch (E:\codeSpace\postgis\pg_postgis_mvt_egg\node_modules\koa-compose\index.js:42:32)
    at E:\codeSpace\postgis\pg_postgis_mvt_egg\node_modules\egg-development\app\middleware\egg_loader_trace.js:9:56
    at dispatch (E:\codeSpace\postgis\pg_postgis_mvt_egg\node_modules\koa-compose\index.js:42:32)
    at i18n (E:\codeSpace\postgis\pg_postgis_mvt_egg\node_modules\egg-i18n\app\middleware\i18n.js:13:12)
    at dispatch (E:\codeSpace\postgis\pg_postgis_mvt_egg\node_modules\koa-compose\index.js:42:32)
    at dispatch (E:\codeSpace\postgis\pg_postgis_mvt_egg\node_modules\koa-compose\index.js:42:32)
    at dta (E:\codeSpace\postgis\pg_postgis_mvt_egg\node_modules\egg-security\lib\middlewares\dta.js:12:12)
    at dispatch (E:\codeSpace\postgis\pg_postgis_mvt_egg\node_modules\koa-compose\index.js:42:32)
    at xframe (E:\codeSpace\postgis\pg_postgis_mvt_egg\node_modules\egg-security\lib\middlewares\xframe.js:7:11)
    at dispatch (E:\codeSpace\postgis\pg_postgis_mvt_egg\node_modules\koa-compose\index.js:42:32)
headers: {"Access-Control-Allow-Origin":"*","vary":"Origin"}
pid: 27020
hostname: PC-20190330EPJH

2021-04-12 16:46:31,800 ERROR 27020 [-/::1/-/0ms GET /pg_postgis_mvt/api/v1/geo_datas/1/1/0] nodejs.ReferenceError: sql is not defined
    at MvtService.getMvt (E:\codeSpace\postgis\pg_postgis_mvt_egg\app\service\mvt.js:79:30)
    at MvtController.getMvt (E:\codeSpace\postgis\pg_postgis_mvt_egg\app\controller\mvt.js:11:46)
    at Object.callFn (E:\codeSpace\postgis\pg_postgis_mvt_egg\node_modules\egg-core\lib\utils\index.js:44:21)
    at Object.classControllerMiddleware (E:\codeSpace\postgis\pg_postgis_mvt_egg\node_modules\egg-core\lib\loader\mixin\controller.js:87:20)
    at Object.callFn (E:\codeSpace\postgis\pg_postgis_mvt_egg\node_modules\@eggjs\router\lib\utils.js:12:21)
    at wrappedController (E:\codeSpace\postgis\pg_postgis_mvt_egg\node_modules\@eggjs\router\lib\egg_router.js:322:18)
    at dispatch (E:\codeSpace\postgis\pg_postgis_mvt_egg\node_modules\@eggjs\router\node_modules\koa-compose\index.js:44:32)
    at next (E:\codeSpace\postgis\pg_postgis_mvt_egg\node_modules\@eggjs\router\node_modules\koa-compose\index.js:45:18)
    at E:\codeSpace\postgis\pg_postgis_mvt_egg\node_modules\@eggjs\router\lib\router.js:190:18
    at dispatch (E:\codeSpace\postgis\pg_postgis_mvt_egg\node_modules\@eggjs\router\node_modules\koa-compose\index.js:44:32)
    at E:\codeSpace\postgis\pg_postgis_mvt_egg\node_modules\@eggjs\router\node_modules\koa-compose\index.js:36:12
    at dispatch (E:\codeSpace\postgis\pg_postgis_mvt_egg\node_modules\@eggjs\router\lib\router.js:195:33)
    at dispatch (E:\codeSpace\postgis\pg_postgis_mvt_egg\node_modules\koa-compose\index.js:42:32)
    at E:\codeSpace\postgis\pg_postgis_mvt_egg\node_modules\egg-development\app\middleware\egg_loader_trace.js:9:56
    at dispatch (E:\codeSpace\postgis\pg_postgis_mvt_egg\node_modules\koa-compose\index.js:42:32)
    at i18n (E:\codeSpace\postgis\pg_postgis_mvt_egg\node_modules\egg-i18n\app\middleware\i18n.js:13:12)
    at dispatch (E:\codeSpace\postgis\pg_postgis_mvt_egg\node_modules\koa-compose\index.js:42:32)
    at dispatch (E:\codeSpace\postgis\pg_postgis_mvt_egg\node_modules\koa-compose\index.js:42:32)
    at dta (E:\codeSpace\postgis\pg_postgis_mvt_egg\node_modules\egg-security\lib\middlewares\dta.js:12:12)
    at dispatch (E:\codeSpace\postgis\pg_postgis_mvt_egg\node_modules\koa-compose\index.js:42:32)
    at xframe (E:\codeSpace\postgis\pg_postgis_mvt_egg\node_modules\egg-security\lib\middlewares\xframe.js:7:11)
    at dispatch (E:\codeSpace\postgis\pg_postgis_mvt_egg\node_modules\koa-compose\index.js:42:32)
headers: {"Access-Control-Allow-Origin":"*","vary":"Origin"}
pid: 27020
hostname: PC-20190330EPJH

2021-04-12 16:46:31,983 ERROR 27020 [-/::1/-/1ms GET /pg_postgis_mvt/api/v1/geo_datas/0/0/0] nodejs.ReferenceError: sql is not defined
    at MvtService.getMvt (E:\codeSpace\postgis\pg_postgis_mvt_egg\app\service\mvt.js:79:30)
    at MvtController.getMvt (E:\codeSpace\postgis\pg_postgis_mvt_egg\app\controller\mvt.js:11:46)
    at Object.callFn (E:\codeSpace\postgis\pg_postgis_mvt_egg\node_modules\egg-core\lib\utils\index.js:44:21)
    at Object.classControllerMiddleware (E:\codeSpace\postgis\pg_postgis_mvt_egg\node_modules\egg-core\lib\loader\mixin\controller.js:87:20)
    at Object.callFn (E:\codeSpace\postgis\pg_postgis_mvt_egg\node_modules\@eggjs\router\lib\utils.js:12:21)
    at wrappedController (E:\codeSpace\postgis\pg_postgis_mvt_egg\node_modules\@eggjs\router\lib\egg_router.js:322:18)
    at dispatch (E:\codeSpace\postgis\pg_postgis_mvt_egg\node_modules\@eggjs\router\node_modules\koa-compose\index.js:44:32)
    at next (E:\codeSpace\postgis\pg_postgis_mvt_egg\node_modules\@eggjs\router\node_modules\koa-compose\index.js:45:18)
    at E:\codeSpace\postgis\pg_postgis_mvt_egg\node_modules\@eggjs\router\lib\router.js:190:18
    at dispatch (E:\codeSpace\postgis\pg_postgis_mvt_egg\node_modules\@eggjs\router\node_modules\koa-compose\index.js:44:32)
    at E:\codeSpace\postgis\pg_postgis_mvt_egg\node_modules\@eggjs\router\node_modules\koa-compose\index.js:36:12
    at dispatch (E:\codeSpace\postgis\pg_postgis_mvt_egg\node_modules\@eggjs\router\lib\router.js:195:33)
    at dispatch (E:\codeSpace\postgis\pg_postgis_mvt_egg\node_modules\koa-compose\index.js:42:32)
    at E:\codeSpace\postgis\pg_postgis_mvt_egg\node_modules\egg-development\app\middleware\egg_loader_trace.js:9:56
    at dispatch (E:\codeSpace\postgis\pg_postgis_mvt_egg\node_modules\koa-compose\index.js:42:32)
    at i18n (E:\codeSpace\postgis\pg_postgis_mvt_egg\node_modules\egg-i18n\app\middleware\i18n.js:13:12)
    at dispatch (E:\codeSpace\postgis\pg_postgis_mvt_egg\node_modules\koa-compose\index.js:42:32)
    at dispatch (E:\codeSpace\postgis\pg_postgis_mvt_egg\node_modules\koa-compose\index.js:42:32)
    at dta (E:\codeSpace\postgis\pg_postgis_mvt_egg\node_modules\egg-security\lib\middlewares\dta.js:12:12)
    at dispatch (E:\codeSpace\postgis\pg_postgis_mvt_egg\node_modules\koa-compose\index.js:42:32)
    at xframe (E:\codeSpace\postgis\pg_postgis_mvt_egg\node_modules\egg-security\lib\middlewares\xframe.js:7:11)
    at dispatch (E:\codeSpace\postgis\pg_postgis_mvt_egg\node_modules\koa-compose\index.js:42:32)
headers: {"Access-Control-Allow-Origin":"*","vary":"Origin"}
pid: 27020
hostname: PC-20190330EPJH

2021-04-12 16:47:05,945 ERROR 27020 [-/::1/-/0ms GET /pg_postgis_mvt/api/v1/geo_datas/5/25/13] nodejs.ReferenceError: sql is not defined
    at MvtService.getMvt (E:\codeSpace\postgis\pg_postgis_mvt_egg\app\service\mvt.js:79:30)
    at MvtController.getMvt (E:\codeSpace\postgis\pg_postgis_mvt_egg\app\controller\mvt.js:11:46)
    at Object.callFn (E:\codeSpace\postgis\pg_postgis_mvt_egg\node_modules\egg-core\lib\utils\index.js:44:21)
    at Object.classControllerMiddleware (E:\codeSpace\postgis\pg_postgis_mvt_egg\node_modules\egg-core\lib\loader\mixin\controller.js:87:20)
    at Object.callFn (E:\codeSpace\postgis\pg_postgis_mvt_egg\node_modules\@eggjs\router\lib\utils.js:12:21)
    at wrappedController (E:\codeSpace\postgis\pg_postgis_mvt_egg\node_modules\@eggjs\router\lib\egg_router.js:322:18)
    at dispatch (E:\codeSpace\postgis\pg_postgis_mvt_egg\node_modules\@eggjs\router\node_modules\koa-compose\index.js:44:32)
    at next (E:\codeSpace\postgis\pg_postgis_mvt_egg\node_modules\@eggjs\router\node_modules\koa-compose\index.js:45:18)
    at E:\codeSpace\postgis\pg_postgis_mvt_egg\node_modules\@eggjs\router\lib\router.js:190:18
    at dispatch (E:\codeSpace\postgis\pg_postgis_mvt_egg\node_modules\@eggjs\router\node_modules\koa-compose\index.js:44:32)
    at E:\codeSpace\postgis\pg_postgis_mvt_egg\node_modules\@eggjs\router\node_modules\koa-compose\index.js:36:12
    at dispatch (E:\codeSpace\postgis\pg_postgis_mvt_egg\node_modules\@eggjs\router\lib\router.js:195:33)
    at dispatch (E:\codeSpace\postgis\pg_postgis_mvt_egg\node_modules\koa-compose\index.js:42:32)
    at E:\codeSpace\postgis\pg_postgis_mvt_egg\node_modules\egg-development\app\middleware\egg_loader_trace.js:9:56
    at dispatch (E:\codeSpace\postgis\pg_postgis_mvt_egg\node_modules\koa-compose\index.js:42:32)
    at i18n (E:\codeSpace\postgis\pg_postgis_mvt_egg\node_modules\egg-i18n\app\middleware\i18n.js:13:12)
    at dispatch (E:\codeSpace\postgis\pg_postgis_mvt_egg\node_modules\koa-compose\index.js:42:32)
    at dispatch (E:\codeSpace\postgis\pg_postgis_mvt_egg\node_modules\koa-compose\index.js:42:32)
    at dta (E:\codeSpace\postgis\pg_postgis_mvt_egg\node_modules\egg-security\lib\middlewares\dta.js:12:12)
    at dispatch (E:\codeSpace\postgis\pg_postgis_mvt_egg\node_modules\koa-compose\index.js:42:32)
    at xframe (E:\codeSpace\postgis\pg_postgis_mvt_egg\node_modules\egg-security\lib\middlewares\xframe.js:7:11)
    at dispatch (E:\codeSpace\postgis\pg_postgis_mvt_egg\node_modules\koa-compose\index.js:42:32)
headers: {"Access-Control-Allow-Origin":"*","vary":"Origin"}
pid: 27020
hostname: PC-20190330EPJH

2021-04-12 16:47:05,960 ERROR 27020 [-/::1/-/0ms GET /pg_postgis_mvt/api/v1/geo_datas/5/25/12] nodejs.ReferenceError: sql is not defined
    at MvtService.getMvt (E:\codeSpace\postgis\pg_postgis_mvt_egg\app\service\mvt.js:79:30)
    at MvtController.getMvt (E:\codeSpace\postgis\pg_postgis_mvt_egg\app\controller\mvt.js:11:46)
    at Object.callFn (E:\codeSpace\postgis\pg_postgis_mvt_egg\node_modules\egg-core\lib\utils\index.js:44:21)
    at Object.classControllerMiddleware (E:\codeSpace\postgis\pg_postgis_mvt_egg\node_modules\egg-core\lib\loader\mixin\controller.js:87:20)
    at Object.callFn (E:\codeSpace\postgis\pg_postgis_mvt_egg\node_modules\@eggjs\router\lib\utils.js:12:21)
    at wrappedController (E:\codeSpace\postgis\pg_postgis_mvt_egg\node_modules\@eggjs\router\lib\egg_router.js:322:18)
    at dispatch (E:\codeSpace\postgis\pg_postgis_mvt_egg\node_modules\@eggjs\router\node_modules\koa-compose\index.js:44:32)
    at next (E:\codeSpace\postgis\pg_postgis_mvt_egg\node_modules\@eggjs\router\node_modules\koa-compose\index.js:45:18)
    at E:\codeSpace\postgis\pg_postgis_mvt_egg\node_modules\@eggjs\router\lib\router.js:190:18
    at dispatch (E:\codeSpace\postgis\pg_postgis_mvt_egg\node_modules\@eggjs\router\node_modules\koa-compose\index.js:44:32)
    at E:\codeSpace\postgis\pg_postgis_mvt_egg\node_modules\@eggjs\router\node_modules\koa-compose\index.js:36:12
    at dispatch (E:\codeSpace\postgis\pg_postgis_mvt_egg\node_modules\@eggjs\router\lib\router.js:195:33)
    at dispatch (E:\codeSpace\postgis\pg_postgis_mvt_egg\node_modules\koa-compose\index.js:42:32)
    at E:\codeSpace\postgis\pg_postgis_mvt_egg\node_modules\egg-development\app\middleware\egg_loader_trace.js:9:56
    at dispatch (E:\codeSpace\postgis\pg_postgis_mvt_egg\node_modules\koa-compose\index.js:42:32)
    at i18n (E:\codeSpace\postgis\pg_postgis_mvt_egg\node_modules\egg-i18n\app\middleware\i18n.js:13:12)
    at dispatch (E:\codeSpace\postgis\pg_postgis_mvt_egg\node_modules\koa-compose\index.js:42:32)
    at dispatch (E:\codeSpace\postgis\pg_postgis_mvt_egg\node_modules\koa-compose\index.js:42:32)
    at dta (E:\codeSpace\postgis\pg_postgis_mvt_egg\node_modules\egg-security\lib\middlewares\dta.js:12:12)
    at dispatch (E:\codeSpace\postgis\pg_postgis_mvt_egg\node_modules\koa-compose\index.js:42:32)
    at xframe (E:\codeSpace\postgis\pg_postgis_mvt_egg\node_modules\egg-security\lib\middlewares\xframe.js:7:11)
    at dispatch (E:\codeSpace\postgis\pg_postgis_mvt_egg\node_modules\koa-compose\index.js:42:32)
headers: {"Access-Control-Allow-Origin":"*","vary":"Origin"}
pid: 27020
hostname: PC-20190330EPJH

2021-04-12 16:47:05,970 ERROR 27020 [-/::1/-/1ms GET /pg_postgis_mvt/api/v1/geo_datas/5/24/13] nodejs.ReferenceError: sql is not defined
    at MvtService.getMvt (E:\codeSpace\postgis\pg_postgis_mvt_egg\app\service\mvt.js:79:30)
    at MvtController.getMvt (E:\codeSpace\postgis\pg_postgis_mvt_egg\app\controller\mvt.js:11:46)
    at Object.callFn (E:\codeSpace\postgis\pg_postgis_mvt_egg\node_modules\egg-core\lib\utils\index.js:44:21)
    at Object.classControllerMiddleware (E:\codeSpace\postgis\pg_postgis_mvt_egg\node_modules\egg-core\lib\loader\mixin\controller.js:87:20)
    at Object.callFn (E:\codeSpace\postgis\pg_postgis_mvt_egg\node_modules\@eggjs\router\lib\utils.js:12:21)
    at wrappedController (E:\codeSpace\postgis\pg_postgis_mvt_egg\node_modules\@eggjs\router\lib\egg_router.js:322:18)
    at dispatch (E:\codeSpace\postgis\pg_postgis_mvt_egg\node_modules\@eggjs\router\node_modules\koa-compose\index.js:44:32)
    at next (E:\codeSpace\postgis\pg_postgis_mvt_egg\node_modules\@eggjs\router\node_modules\koa-compose\index.js:45:18)
    at E:\codeSpace\postgis\pg_postgis_mvt_egg\node_modules\@eggjs\router\lib\router.js:190:18
    at dispatch (E:\codeSpace\postgis\pg_postgis_mvt_egg\node_modules\@eggjs\router\node_modules\koa-compose\index.js:44:32)
    at E:\codeSpace\postgis\pg_postgis_mvt_egg\node_modules\@eggjs\router\node_modules\koa-compose\index.js:36:12
    at dispatch (E:\codeSpace\postgis\pg_postgis_mvt_egg\node_modules\@eggjs\router\lib\router.js:195:33)
    at dispatch (E:\codeSpace\postgis\pg_postgis_mvt_egg\node_modules\koa-compose\index.js:42:32)
    at E:\codeSpace\postgis\pg_postgis_mvt_egg\node_modules\egg-development\app\middleware\egg_loader_trace.js:9:56
    at dispatch (E:\codeSpace\postgis\pg_postgis_mvt_egg\node_modules\koa-compose\index.js:42:32)
    at i18n (E:\codeSpace\postgis\pg_postgis_mvt_egg\node_modules\egg-i18n\app\middleware\i18n.js:13:12)
    at dispatch (E:\codeSpace\postgis\pg_postgis_mvt_egg\node_modules\koa-compose\index.js:42:32)
    at dispatch (E:\codeSpace\postgis\pg_postgis_mvt_egg\node_modules\koa-compose\index.js:42:32)
    at dta (E:\codeSpace\postgis\pg_postgis_mvt_egg\node_modules\egg-security\lib\middlewares\dta.js:12:12)
    at dispatch (E:\codeSpace\postgis\pg_postgis_mvt_egg\node_modules\koa-compose\index.js:42:32)
    at xframe (E:\codeSpace\postgis\pg_postgis_mvt_egg\node_modules\egg-security\lib\middlewares\xframe.js:7:11)
    at dispatch (E:\codeSpace\postgis\pg_postgis_mvt_egg\node_modules\koa-compose\index.js:42:32)
headers: {"Access-Control-Allow-Origin":"*","vary":"Origin"}
pid: 27020
hostname: PC-20190330EPJH

2021-04-12 16:47:05,992 ERROR 27020 [-/::1/-/0ms GET /pg_postgis_mvt/api/v1/geo_datas/5/24/12] nodejs.ReferenceError: sql is not defined
    at MvtService.getMvt (E:\codeSpace\postgis\pg_postgis_mvt_egg\app\service\mvt.js:79:30)
    at MvtController.getMvt (E:\codeSpace\postgis\pg_postgis_mvt_egg\app\controller\mvt.js:11:46)
    at Object.callFn (E:\codeSpace\postgis\pg_postgis_mvt_egg\node_modules\egg-core\lib\utils\index.js:44:21)
    at Object.classControllerMiddleware (E:\codeSpace\postgis\pg_postgis_mvt_egg\node_modules\egg-core\lib\loader\mixin\controller.js:87:20)
    at Object.callFn (E:\codeSpace\postgis\pg_postgis_mvt_egg\node_modules\@eggjs\router\lib\utils.js:12:21)
    at wrappedController (E:\codeSpace\postgis\pg_postgis_mvt_egg\node_modules\@eggjs\router\lib\egg_router.js:322:18)
    at dispatch (E:\codeSpace\postgis\pg_postgis_mvt_egg\node_modules\@eggjs\router\node_modules\koa-compose\index.js:44:32)
    at next (E:\codeSpace\postgis\pg_postgis_mvt_egg\node_modules\@eggjs\router\node_modules\koa-compose\index.js:45:18)
    at E:\codeSpace\postgis\pg_postgis_mvt_egg\node_modules\@eggjs\router\lib\router.js:190:18
    at dispatch (E:\codeSpace\postgis\pg_postgis_mvt_egg\node_modules\@eggjs\router\node_modules\koa-compose\index.js:44:32)
    at E:\codeSpace\postgis\pg_postgis_mvt_egg\node_modules\@eggjs\router\node_modules\koa-compose\index.js:36:12
    at dispatch (E:\codeSpace\postgis\pg_postgis_mvt_egg\node_modules\@eggjs\router\lib\router.js:195:33)
    at dispatch (E:\codeSpace\postgis\pg_postgis_mvt_egg\node_modules\koa-compose\index.js:42:32)
    at E:\codeSpace\postgis\pg_postgis_mvt_egg\node_modules\egg-development\app\middleware\egg_loader_trace.js:9:56
    at dispatch (E:\codeSpace\postgis\pg_postgis_mvt_egg\node_modules\koa-compose\index.js:42:32)
    at i18n (E:\codeSpace\postgis\pg_postgis_mvt_egg\node_modules\egg-i18n\app\middleware\i18n.js:13:12)
    at dispatch (E:\codeSpace\postgis\pg_postgis_mvt_egg\node_modules\koa-compose\index.js:42:32)
    at dispatch (E:\codeSpace\postgis\pg_postgis_mvt_egg\node_modules\koa-compose\index.js:42:32)
    at dta (E:\codeSpace\postgis\pg_postgis_mvt_egg\node_modules\egg-security\lib\middlewares\dta.js:12:12)
    at dispatch (E:\codeSpace\postgis\pg_postgis_mvt_egg\node_modules\koa-compose\index.js:42:32)
    at xframe (E:\codeSpace\postgis\pg_postgis_mvt_egg\node_modules\egg-security\lib\middlewares\xframe.js:7:11)
    at dispatch (E:\codeSpace\postgis\pg_postgis_mvt_egg\node_modules\koa-compose\index.js:42:32)
headers: {"Access-Control-Allow-Origin":"*","vary":"Origin"}
pid: 27020
hostname: PC-20190330EPJH

2021-04-12 16:47:06,024 ERROR 27020 [-/::1/-/1ms GET /pg_postgis_mvt/api/v1/geo_datas/4/12/6] nodejs.ReferenceError: sql is not defined
    at MvtService.getMvt (E:\codeSpace\postgis\pg_postgis_mvt_egg\app\service\mvt.js:79:30)
    at MvtController.getMvt (E:\codeSpace\postgis\pg_postgis_mvt_egg\app\controller\mvt.js:11:46)
    at Object.callFn (E:\codeSpace\postgis\pg_postgis_mvt_egg\node_modules\egg-core\lib\utils\index.js:44:21)
    at Object.classControllerMiddleware (E:\codeSpace\postgis\pg_postgis_mvt_egg\node_modules\egg-core\lib\loader\mixin\controller.js:87:20)
    at Object.callFn (E:\codeSpace\postgis\pg_postgis_mvt_egg\node_modules\@eggjs\router\lib\utils.js:12:21)
    at wrappedController (E:\codeSpace\postgis\pg_postgis_mvt_egg\node_modules\@eggjs\router\lib\egg_router.js:322:18)
    at dispatch (E:\codeSpace\postgis\pg_postgis_mvt_egg\node_modules\@eggjs\router\node_modules\koa-compose\index.js:44:32)
    at next (E:\codeSpace\postgis\pg_postgis_mvt_egg\node_modules\@eggjs\router\node_modules\koa-compose\index.js:45:18)
    at E:\codeSpace\postgis\pg_postgis_mvt_egg\node_modules\@eggjs\router\lib\router.js:190:18
    at dispatch (E:\codeSpace\postgis\pg_postgis_mvt_egg\node_modules\@eggjs\router\node_modules\koa-compose\index.js:44:32)
    at E:\codeSpace\postgis\pg_postgis_mvt_egg\node_modules\@eggjs\router\node_modules\koa-compose\index.js:36:12
    at dispatch (E:\codeSpace\postgis\pg_postgis_mvt_egg\node_modules\@eggjs\router\lib\router.js:195:33)
    at dispatch (E:\codeSpace\postgis\pg_postgis_mvt_egg\node_modules\koa-compose\index.js:42:32)
    at E:\codeSpace\postgis\pg_postgis_mvt_egg\node_modules\egg-development\app\middleware\egg_loader_trace.js:9:56
    at dispatch (E:\codeSpace\postgis\pg_postgis_mvt_egg\node_modules\koa-compose\index.js:42:32)
    at i18n (E:\codeSpace\postgis\pg_postgis_mvt_egg\node_modules\egg-i18n\app\middleware\i18n.js:13:12)
    at dispatch (E:\codeSpace\postgis\pg_postgis_mvt_egg\node_modules\koa-compose\index.js:42:32)
    at dispatch (E:\codeSpace\postgis\pg_postgis_mvt_egg\node_modules\koa-compose\index.js:42:32)
    at dta (E:\codeSpace\postgis\pg_postgis_mvt_egg\node_modules\egg-security\lib\middlewares\dta.js:12:12)
    at dispatch (E:\codeSpace\postgis\pg_postgis_mvt_egg\node_modules\koa-compose\index.js:42:32)
    at xframe (E:\codeSpace\postgis\pg_postgis_mvt_egg\node_modules\egg-security\lib\middlewares\xframe.js:7:11)
    at dispatch (E:\codeSpace\postgis\pg_postgis_mvt_egg\node_modules\koa-compose\index.js:42:32)
headers: {"Access-Control-Allow-Origin":"*","vary":"Origin"}
pid: 27020
hostname: PC-20190330EPJH

2021-04-12 16:47:06,055 ERROR 27020 [-/::1/-/1ms GET /pg_postgis_mvt/api/v1/geo_datas/3/6/3] nodejs.ReferenceError: sql is not defined
    at MvtService.getMvt (E:\codeSpace\postgis\pg_postgis_mvt_egg\app\service\mvt.js:79:30)
    at MvtController.getMvt (E:\codeSpace\postgis\pg_postgis_mvt_egg\app\controller\mvt.js:11:46)
    at Object.callFn (E:\codeSpace\postgis\pg_postgis_mvt_egg\node_modules\egg-core\lib\utils\index.js:44:21)
    at Object.classControllerMiddleware (E:\codeSpace\postgis\pg_postgis_mvt_egg\node_modules\egg-core\lib\loader\mixin\controller.js:87:20)
    at Object.callFn (E:\codeSpace\postgis\pg_postgis_mvt_egg\node_modules\@eggjs\router\lib\utils.js:12:21)
    at wrappedController (E:\codeSpace\postgis\pg_postgis_mvt_egg\node_modules\@eggjs\router\lib\egg_router.js:322:18)
    at dispatch (E:\codeSpace\postgis\pg_postgis_mvt_egg\node_modules\@eggjs\router\node_modules\koa-compose\index.js:44:32)
    at next (E:\codeSpace\postgis\pg_postgis_mvt_egg\node_modules\@eggjs\router\node_modules\koa-compose\index.js:45:18)
    at E:\codeSpace\postgis\pg_postgis_mvt_egg\node_modules\@eggjs\router\lib\router.js:190:18
    at dispatch (E:\codeSpace\postgis\pg_postgis_mvt_egg\node_modules\@eggjs\router\node_modules\koa-compose\index.js:44:32)
    at E:\codeSpace\postgis\pg_postgis_mvt_egg\node_modules\@eggjs\router\node_modules\koa-compose\index.js:36:12
    at dispatch (E:\codeSpace\postgis\pg_postgis_mvt_egg\node_modules\@eggjs\router\lib\router.js:195:33)
    at dispatch (E:\codeSpace\postgis\pg_postgis_mvt_egg\node_modules\koa-compose\index.js:42:32)
    at E:\codeSpace\postgis\pg_postgis_mvt_egg\node_modules\egg-development\app\middleware\egg_loader_trace.js:9:56
    at dispatch (E:\codeSpace\postgis\pg_postgis_mvt_egg\node_modules\koa-compose\index.js:42:32)
    at i18n (E:\codeSpace\postgis\pg_postgis_mvt_egg\node_modules\egg-i18n\app\middleware\i18n.js:13:12)
    at dispatch (E:\codeSpace\postgis\pg_postgis_mvt_egg\node_modules\koa-compose\index.js:42:32)
    at dispatch (E:\codeSpace\postgis\pg_postgis_mvt_egg\node_modules\koa-compose\index.js:42:32)
    at dta (E:\codeSpace\postgis\pg_postgis_mvt_egg\node_modules\egg-security\lib\middlewares\dta.js:12:12)
    at dispatch (E:\codeSpace\postgis\pg_postgis_mvt_egg\node_modules\koa-compose\index.js:42:32)
    at xframe (E:\codeSpace\postgis\pg_postgis_mvt_egg\node_modules\egg-security\lib\middlewares\xframe.js:7:11)
    at dispatch (E:\codeSpace\postgis\pg_postgis_mvt_egg\node_modules\koa-compose\index.js:42:32)
headers: {"Access-Control-Allow-Origin":"*","vary":"Origin"}
pid: 27020
hostname: PC-20190330EPJH

2021-04-12 16:47:06,110 ERROR 27020 [-/::1/-/0ms GET /pg_postgis_mvt/api/v1/geo_datas/2/3/1] nodejs.ReferenceError: sql is not defined
    at MvtService.getMvt (E:\codeSpace\postgis\pg_postgis_mvt_egg\app\service\mvt.js:79:30)
    at MvtController.getMvt (E:\codeSpace\postgis\pg_postgis_mvt_egg\app\controller\mvt.js:11:46)
    at Object.callFn (E:\codeSpace\postgis\pg_postgis_mvt_egg\node_modules\egg-core\lib\utils\index.js:44:21)
    at Object.classControllerMiddleware (E:\codeSpace\postgis\pg_postgis_mvt_egg\node_modules\egg-core\lib\loader\mixin\controller.js:87:20)
    at Object.callFn (E:\codeSpace\postgis\pg_postgis_mvt_egg\node_modules\@eggjs\router\lib\utils.js:12:21)
    at wrappedController (E:\codeSpace\postgis\pg_postgis_mvt_egg\node_modules\@eggjs\router\lib\egg_router.js:322:18)
    at dispatch (E:\codeSpace\postgis\pg_postgis_mvt_egg\node_modules\@eggjs\router\node_modules\koa-compose\index.js:44:32)
    at next (E:\codeSpace\postgis\pg_postgis_mvt_egg\node_modules\@eggjs\router\node_modules\koa-compose\index.js:45:18)
    at E:\codeSpace\postgis\pg_postgis_mvt_egg\node_modules\@eggjs\router\lib\router.js:190:18
    at dispatch (E:\codeSpace\postgis\pg_postgis_mvt_egg\node_modules\@eggjs\router\node_modules\koa-compose\index.js:44:32)
    at E:\codeSpace\postgis\pg_postgis_mvt_egg\node_modules\@eggjs\router\node_modules\koa-compose\index.js:36:12
    at dispatch (E:\codeSpace\postgis\pg_postgis_mvt_egg\node_modules\@eggjs\router\lib\router.js:195:33)
    at dispatch (E:\codeSpace\postgis\pg_postgis_mvt_egg\node_modules\koa-compose\index.js:42:32)
    at E:\codeSpace\postgis\pg_postgis_mvt_egg\node_modules\egg-development\app\middleware\egg_loader_trace.js:9:56
    at dispatch (E:\codeSpace\postgis\pg_postgis_mvt_egg\node_modules\koa-compose\index.js:42:32)
    at i18n (E:\codeSpace\postgis\pg_postgis_mvt_egg\node_modules\egg-i18n\app\middleware\i18n.js:13:12)
    at dispatch (E:\codeSpace\postgis\pg_postgis_mvt_egg\node_modules\koa-compose\index.js:42:32)
    at dispatch (E:\codeSpace\postgis\pg_postgis_mvt_egg\node_modules\koa-compose\index.js:42:32)
    at dta (E:\codeSpace\postgis\pg_postgis_mvt_egg\node_modules\egg-security\lib\middlewares\dta.js:12:12)
    at dispatch (E:\codeSpace\postgis\pg_postgis_mvt_egg\node_modules\koa-compose\index.js:42:32)
    at xframe (E:\codeSpace\postgis\pg_postgis_mvt_egg\node_modules\egg-security\lib\middlewares\xframe.js:7:11)
    at dispatch (E:\codeSpace\postgis\pg_postgis_mvt_egg\node_modules\koa-compose\index.js:42:32)
headers: {"Access-Control-Allow-Origin":"*","vary":"Origin"}
pid: 27020
hostname: PC-20190330EPJH

2021-04-12 16:47:06,205 ERROR 27020 [-/::1/-/1ms GET /pg_postgis_mvt/api/v1/geo_datas/1/1/0] nodejs.ReferenceError: sql is not defined
    at MvtService.getMvt (E:\codeSpace\postgis\pg_postgis_mvt_egg\app\service\mvt.js:79:30)
    at MvtController.getMvt (E:\codeSpace\postgis\pg_postgis_mvt_egg\app\controller\mvt.js:11:46)
    at Object.callFn (E:\codeSpace\postgis\pg_postgis_mvt_egg\node_modules\egg-core\lib\utils\index.js:44:21)
    at Object.classControllerMiddleware (E:\codeSpace\postgis\pg_postgis_mvt_egg\node_modules\egg-core\lib\loader\mixin\controller.js:87:20)
    at Object.callFn (E:\codeSpace\postgis\pg_postgis_mvt_egg\node_modules\@eggjs\router\lib\utils.js:12:21)
    at wrappedController (E:\codeSpace\postgis\pg_postgis_mvt_egg\node_modules\@eggjs\router\lib\egg_router.js:322:18)
    at dispatch (E:\codeSpace\postgis\pg_postgis_mvt_egg\node_modules\@eggjs\router\node_modules\koa-compose\index.js:44:32)
    at next (E:\codeSpace\postgis\pg_postgis_mvt_egg\node_modules\@eggjs\router\node_modules\koa-compose\index.js:45:18)
    at E:\codeSpace\postgis\pg_postgis_mvt_egg\node_modules\@eggjs\router\lib\router.js:190:18
    at dispatch (E:\codeSpace\postgis\pg_postgis_mvt_egg\node_modules\@eggjs\router\node_modules\koa-compose\index.js:44:32)
    at E:\codeSpace\postgis\pg_postgis_mvt_egg\node_modules\@eggjs\router\node_modules\koa-compose\index.js:36:12
    at dispatch (E:\codeSpace\postgis\pg_postgis_mvt_egg\node_modules\@eggjs\router\lib\router.js:195:33)
    at dispatch (E:\codeSpace\postgis\pg_postgis_mvt_egg\node_modules\koa-compose\index.js:42:32)
    at E:\codeSpace\postgis\pg_postgis_mvt_egg\node_modules\egg-development\app\middleware\egg_loader_trace.js:9:56
    at dispatch (E:\codeSpace\postgis\pg_postgis_mvt_egg\node_modules\koa-compose\index.js:42:32)
    at i18n (E:\codeSpace\postgis\pg_postgis_mvt_egg\node_modules\egg-i18n\app\middleware\i18n.js:13:12)
    at dispatch (E:\codeSpace\postgis\pg_postgis_mvt_egg\node_modules\koa-compose\index.js:42:32)
    at dispatch (E:\codeSpace\postgis\pg_postgis_mvt_egg\node_modules\koa-compose\index.js:42:32)
    at dta (E:\codeSpace\postgis\pg_postgis_mvt_egg\node_modules\egg-security\lib\middlewares\dta.js:12:12)
    at dispatch (E:\codeSpace\postgis\pg_postgis_mvt_egg\node_modules\koa-compose\index.js:42:32)
    at xframe (E:\codeSpace\postgis\pg_postgis_mvt_egg\node_modules\egg-security\lib\middlewares\xframe.js:7:11)
    at dispatch (E:\codeSpace\postgis\pg_postgis_mvt_egg\node_modules\koa-compose\index.js:42:32)
headers: {"Access-Control-Allow-Origin":"*","vary":"Origin"}
pid: 27020
hostname: PC-20190330EPJH

2021-04-12 16:47:06,288 ERROR 27020 [-/::1/-/1ms GET /pg_postgis_mvt/api/v1/geo_datas/0/0/0] nodejs.ReferenceError: sql is not defined
    at MvtService.getMvt (E:\codeSpace\postgis\pg_postgis_mvt_egg\app\service\mvt.js:79:30)
    at MvtController.getMvt (E:\codeSpace\postgis\pg_postgis_mvt_egg\app\controller\mvt.js:11:46)
    at Object.callFn (E:\codeSpace\postgis\pg_postgis_mvt_egg\node_modules\egg-core\lib\utils\index.js:44:21)
    at Object.classControllerMiddleware (E:\codeSpace\postgis\pg_postgis_mvt_egg\node_modules\egg-core\lib\loader\mixin\controller.js:87:20)
    at Object.callFn (E:\codeSpace\postgis\pg_postgis_mvt_egg\node_modules\@eggjs\router\lib\utils.js:12:21)
    at wrappedController (E:\codeSpace\postgis\pg_postgis_mvt_egg\node_modules\@eggjs\router\lib\egg_router.js:322:18)
    at dispatch (E:\codeSpace\postgis\pg_postgis_mvt_egg\node_modules\@eggjs\router\node_modules\koa-compose\index.js:44:32)
    at next (E:\codeSpace\postgis\pg_postgis_mvt_egg\node_modules\@eggjs\router\node_modules\koa-compose\index.js:45:18)
    at E:\codeSpace\postgis\pg_postgis_mvt_egg\node_modules\@eggjs\router\lib\router.js:190:18
    at dispatch (E:\codeSpace\postgis\pg_postgis_mvt_egg\node_modules\@eggjs\router\node_modules\koa-compose\index.js:44:32)
    at E:\codeSpace\postgis\pg_postgis_mvt_egg\node_modules\@eggjs\router\node_modules\koa-compose\index.js:36:12
    at dispatch (E:\codeSpace\postgis\pg_postgis_mvt_egg\node_modules\@eggjs\router\lib\router.js:195:33)
    at dispatch (E:\codeSpace\postgis\pg_postgis_mvt_egg\node_modules\koa-compose\index.js:42:32)
    at E:\codeSpace\postgis\pg_postgis_mvt_egg\node_modules\egg-development\app\middleware\egg_loader_trace.js:9:56
    at dispatch (E:\codeSpace\postgis\pg_postgis_mvt_egg\node_modules\koa-compose\index.js:42:32)
    at i18n (E:\codeSpace\postgis\pg_postgis_mvt_egg\node_modules\egg-i18n\app\middleware\i18n.js:13:12)
    at dispatch (E:\codeSpace\postgis\pg_postgis_mvt_egg\node_modules\koa-compose\index.js:42:32)
    at dispatch (E:\codeSpace\postgis\pg_postgis_mvt_egg\node_modules\koa-compose\index.js:42:32)
    at dta (E:\codeSpace\postgis\pg_postgis_mvt_egg\node_modules\egg-security\lib\middlewares\dta.js:12:12)
    at dispatch (E:\codeSpace\postgis\pg_postgis_mvt_egg\node_modules\koa-compose\index.js:42:32)
    at xframe (E:\codeSpace\postgis\pg_postgis_mvt_egg\node_modules\egg-security\lib\middlewares\xframe.js:7:11)
    at dispatch (E:\codeSpace\postgis\pg_postgis_mvt_egg\node_modules\koa-compose\index.js:42:32)
headers: {"Access-Control-Allow-Origin":"*","vary":"Origin"}
pid: 27020
hostname: PC-20190330EPJH

2021-04-12 16:47:08,573 ERROR 27020 [-/::1/-/1ms GET /pg_postgis_mvt/api/v1/geo_datas/6/50/26] nodejs.ReferenceError: sql is not defined
    at MvtService.getMvt (E:\codeSpace\postgis\pg_postgis_mvt_egg\app\service\mvt.js:79:30)
    at MvtController.getMvt (E:\codeSpace\postgis\pg_postgis_mvt_egg\app\controller\mvt.js:11:46)
    at Object.callFn (E:\codeSpace\postgis\pg_postgis_mvt_egg\node_modules\egg-core\lib\utils\index.js:44:21)
    at Object.classControllerMiddleware (E:\codeSpace\postgis\pg_postgis_mvt_egg\node_modules\egg-core\lib\loader\mixin\controller.js:87:20)
    at Object.callFn (E:\codeSpace\postgis\pg_postgis_mvt_egg\node_modules\@eggjs\router\lib\utils.js:12:21)
    at wrappedController (E:\codeSpace\postgis\pg_postgis_mvt_egg\node_modules\@eggjs\router\lib\egg_router.js:322:18)
    at dispatch (E:\codeSpace\postgis\pg_postgis_mvt_egg\node_modules\@eggjs\router\node_modules\koa-compose\index.js:44:32)
    at next (E:\codeSpace\postgis\pg_postgis_mvt_egg\node_modules\@eggjs\router\node_modules\koa-compose\index.js:45:18)
    at E:\codeSpace\postgis\pg_postgis_mvt_egg\node_modules\@eggjs\router\lib\router.js:190:18
    at dispatch (E:\codeSpace\postgis\pg_postgis_mvt_egg\node_modules\@eggjs\router\node_modules\koa-compose\index.js:44:32)
    at E:\codeSpace\postgis\pg_postgis_mvt_egg\node_modules\@eggjs\router\node_modules\koa-compose\index.js:36:12
    at dispatch (E:\codeSpace\postgis\pg_postgis_mvt_egg\node_modules\@eggjs\router\lib\router.js:195:33)
    at dispatch (E:\codeSpace\postgis\pg_postgis_mvt_egg\node_modules\koa-compose\index.js:42:32)
    at E:\codeSpace\postgis\pg_postgis_mvt_egg\node_modules\egg-development\app\middleware\egg_loader_trace.js:9:56
    at dispatch (E:\codeSpace\postgis\pg_postgis_mvt_egg\node_modules\koa-compose\index.js:42:32)
    at i18n (E:\codeSpace\postgis\pg_postgis_mvt_egg\node_modules\egg-i18n\app\middleware\i18n.js:13:12)
    at dispatch (E:\codeSpace\postgis\pg_postgis_mvt_egg\node_modules\koa-compose\index.js:42:32)
    at dispatch (E:\codeSpace\postgis\pg_postgis_mvt_egg\node_modules\koa-compose\index.js:42:32)
    at dta (E:\codeSpace\postgis\pg_postgis_mvt_egg\node_modules\egg-security\lib\middlewares\dta.js:12:12)
    at dispatch (E:\codeSpace\postgis\pg_postgis_mvt_egg\node_modules\koa-compose\index.js:42:32)
    at xframe (E:\codeSpace\postgis\pg_postgis_mvt_egg\node_modules\egg-security\lib\middlewares\xframe.js:7:11)
    at dispatch (E:\codeSpace\postgis\pg_postgis_mvt_egg\node_modules\koa-compose\index.js:42:32)
headers: {"Access-Control-Allow-Origin":"*","vary":"Origin"}
pid: 27020
hostname: PC-20190330EPJH

2021-04-12 16:47:08,582 ERROR 27020 [-/::1/-/1ms GET /pg_postgis_mvt/api/v1/geo_datas/6/49/26] nodejs.ReferenceError: sql is not defined
    at MvtService.getMvt (E:\codeSpace\postgis\pg_postgis_mvt_egg\app\service\mvt.js:79:30)
    at MvtController.getMvt (E:\codeSpace\postgis\pg_postgis_mvt_egg\app\controller\mvt.js:11:46)
    at Object.callFn (E:\codeSpace\postgis\pg_postgis_mvt_egg\node_modules\egg-core\lib\utils\index.js:44:21)
    at Object.classControllerMiddleware (E:\codeSpace\postgis\pg_postgis_mvt_egg\node_modules\egg-core\lib\loader\mixin\controller.js:87:20)
    at Object.callFn (E:\codeSpace\postgis\pg_postgis_mvt_egg\node_modules\@eggjs\router\lib\utils.js:12:21)
    at wrappedController (E:\codeSpace\postgis\pg_postgis_mvt_egg\node_modules\@eggjs\router\lib\egg_router.js:322:18)
    at dispatch (E:\codeSpace\postgis\pg_postgis_mvt_egg\node_modules\@eggjs\router\node_modules\koa-compose\index.js:44:32)
    at next (E:\codeSpace\postgis\pg_postgis_mvt_egg\node_modules\@eggjs\router\node_modules\koa-compose\index.js:45:18)
    at E:\codeSpace\postgis\pg_postgis_mvt_egg\node_modules\@eggjs\router\lib\router.js:190:18
    at dispatch (E:\codeSpace\postgis\pg_postgis_mvt_egg\node_modules\@eggjs\router\node_modules\koa-compose\index.js:44:32)
    at E:\codeSpace\postgis\pg_postgis_mvt_egg\node_modules\@eggjs\router\node_modules\koa-compose\index.js:36:12
    at dispatch (E:\codeSpace\postgis\pg_postgis_mvt_egg\node_modules\@eggjs\router\lib\router.js:195:33)
    at dispatch (E:\codeSpace\postgis\pg_postgis_mvt_egg\node_modules\koa-compose\index.js:42:32)
    at E:\codeSpace\postgis\pg_postgis_mvt_egg\node_modules\egg-development\app\middleware\egg_loader_trace.js:9:56
    at dispatch (E:\codeSpace\postgis\pg_postgis_mvt_egg\node_modules\koa-compose\index.js:42:32)
    at i18n (E:\codeSpace\postgis\pg_postgis_mvt_egg\node_modules\egg-i18n\app\middleware\i18n.js:13:12)
    at dispatch (E:\codeSpace\postgis\pg_postgis_mvt_egg\node_modules\koa-compose\index.js:42:32)
    at dispatch (E:\codeSpace\postgis\pg_postgis_mvt_egg\node_modules\koa-compose\index.js:42:32)
    at dta (E:\codeSpace\postgis\pg_postgis_mvt_egg\node_modules\egg-security\lib\middlewares\dta.js:12:12)
    at dispatch (E:\codeSpace\postgis\pg_postgis_mvt_egg\node_modules\koa-compose\index.js:42:32)
    at xframe (E:\codeSpace\postgis\pg_postgis_mvt_egg\node_modules\egg-security\lib\middlewares\xframe.js:7:11)
    at dispatch (E:\codeSpace\postgis\pg_postgis_mvt_egg\node_modules\koa-compose\index.js:42:32)
headers: {"Access-Control-Allow-Origin":"*","vary":"Origin"}
pid: 27020
hostname: PC-20190330EPJH

2021-04-12 16:47:08,592 ERROR 27020 [-/::1/-/0ms GET /pg_postgis_mvt/api/v1/geo_datas/6/50/25] nodejs.ReferenceError: sql is not defined
    at MvtService.getMvt (E:\codeSpace\postgis\pg_postgis_mvt_egg\app\service\mvt.js:79:30)
    at MvtController.getMvt (E:\codeSpace\postgis\pg_postgis_mvt_egg\app\controller\mvt.js:11:46)
    at Object.callFn (E:\codeSpace\postgis\pg_postgis_mvt_egg\node_modules\egg-core\lib\utils\index.js:44:21)
    at Object.classControllerMiddleware (E:\codeSpace\postgis\pg_postgis_mvt_egg\node_modules\egg-core\lib\loader\mixin\controller.js:87:20)
    at Object.callFn (E:\codeSpace\postgis\pg_postgis_mvt_egg\node_modules\@eggjs\router\lib\utils.js:12:21)
    at wrappedController (E:\codeSpace\postgis\pg_postgis_mvt_egg\node_modules\@eggjs\router\lib\egg_router.js:322:18)
    at dispatch (E:\codeSpace\postgis\pg_postgis_mvt_egg\node_modules\@eggjs\router\node_modules\koa-compose\index.js:44:32)
    at next (E:\codeSpace\postgis\pg_postgis_mvt_egg\node_modules\@eggjs\router\node_modules\koa-compose\index.js:45:18)
    at E:\codeSpace\postgis\pg_postgis_mvt_egg\node_modules\@eggjs\router\lib\router.js:190:18
    at dispatch (E:\codeSpace\postgis\pg_postgis_mvt_egg\node_modules\@eggjs\router\node_modules\koa-compose\index.js:44:32)
    at E:\codeSpace\postgis\pg_postgis_mvt_egg\node_modules\@eggjs\router\node_modules\koa-compose\index.js:36:12
    at dispatch (E:\codeSpace\postgis\pg_postgis_mvt_egg\node_modules\@eggjs\router\lib\router.js:195:33)
    at dispatch (E:\codeSpace\postgis\pg_postgis_mvt_egg\node_modules\koa-compose\index.js:42:32)
    at E:\codeSpace\postgis\pg_postgis_mvt_egg\node_modules\egg-development\app\middleware\egg_loader_trace.js:9:56
    at dispatch (E:\codeSpace\postgis\pg_postgis_mvt_egg\node_modules\koa-compose\index.js:42:32)
    at i18n (E:\codeSpace\postgis\pg_postgis_mvt_egg\node_modules\egg-i18n\app\middleware\i18n.js:13:12)
    at dispatch (E:\codeSpace\postgis\pg_postgis_mvt_egg\node_modules\koa-compose\index.js:42:32)
    at dispatch (E:\codeSpace\postgis\pg_postgis_mvt_egg\node_modules\koa-compose\index.js:42:32)
    at dta (E:\codeSpace\postgis\pg_postgis_mvt_egg\node_modules\egg-security\lib\middlewares\dta.js:12:12)
    at dispatch (E:\codeSpace\postgis\pg_postgis_mvt_egg\node_modules\koa-compose\index.js:42:32)
    at xframe (E:\codeSpace\postgis\pg_postgis_mvt_egg\node_modules\egg-security\lib\middlewares\xframe.js:7:11)
    at dispatch (E:\codeSpace\postgis\pg_postgis_mvt_egg\node_modules\koa-compose\index.js:42:32)
headers: {"Access-Control-Allow-Origin":"*","vary":"Origin"}
pid: 27020
hostname: PC-20190330EPJH

2021-04-12 16:47:08,601 ERROR 27020 [-/::1/-/1ms GET /pg_postgis_mvt/api/v1/geo_datas/6/50/27] nodejs.ReferenceError: sql is not defined
    at MvtService.getMvt (E:\codeSpace\postgis\pg_postgis_mvt_egg\app\service\mvt.js:79:30)
    at MvtController.getMvt (E:\codeSpace\postgis\pg_postgis_mvt_egg\app\controller\mvt.js:11:46)
    at Object.callFn (E:\codeSpace\postgis\pg_postgis_mvt_egg\node_modules\egg-core\lib\utils\index.js:44:21)
    at Object.classControllerMiddleware (E:\codeSpace\postgis\pg_postgis_mvt_egg\node_modules\egg-core\lib\loader\mixin\controller.js:87:20)
    at Object.callFn (E:\codeSpace\postgis\pg_postgis_mvt_egg\node_modules\@eggjs\router\lib\utils.js:12:21)
    at wrappedController (E:\codeSpace\postgis\pg_postgis_mvt_egg\node_modules\@eggjs\router\lib\egg_router.js:322:18)
    at dispatch (E:\codeSpace\postgis\pg_postgis_mvt_egg\node_modules\@eggjs\router\node_modules\koa-compose\index.js:44:32)
    at next (E:\codeSpace\postgis\pg_postgis_mvt_egg\node_modules\@eggjs\router\node_modules\koa-compose\index.js:45:18)
    at E:\codeSpace\postgis\pg_postgis_mvt_egg\node_modules\@eggjs\router\lib\router.js:190:18
    at dispatch (E:\codeSpace\postgis\pg_postgis_mvt_egg\node_modules\@eggjs\router\node_modules\koa-compose\index.js:44:32)
    at E:\codeSpace\postgis\pg_postgis_mvt_egg\node_modules\@eggjs\router\node_modules\koa-compose\index.js:36:12
    at dispatch (E:\codeSpace\postgis\pg_postgis_mvt_egg\node_modules\@eggjs\router\lib\router.js:195:33)
    at dispatch (E:\codeSpace\postgis\pg_postgis_mvt_egg\node_modules\koa-compose\index.js:42:32)
    at E:\codeSpace\postgis\pg_postgis_mvt_egg\node_modules\egg-development\app\middleware\egg_loader_trace.js:9:56
    at dispatch (E:\codeSpace\postgis\pg_postgis_mvt_egg\node_modules\koa-compose\index.js:42:32)
    at i18n (E:\codeSpace\postgis\pg_postgis_mvt_egg\node_modules\egg-i18n\app\middleware\i18n.js:13:12)
    at dispatch (E:\codeSpace\postgis\pg_postgis_mvt_egg\node_modules\koa-compose\index.js:42:32)
    at dispatch (E:\codeSpace\postgis\pg_postgis_mvt_egg\node_modules\koa-compose\index.js:42:32)
    at dta (E:\codeSpace\postgis\pg_postgis_mvt_egg\node_modules\egg-security\lib\middlewares\dta.js:12:12)
    at dispatch (E:\codeSpace\postgis\pg_postgis_mvt_egg\node_modules\koa-compose\index.js:42:32)
    at xframe (E:\codeSpace\postgis\pg_postgis_mvt_egg\node_modules\egg-security\lib\middlewares\xframe.js:7:11)
    at dispatch (E:\codeSpace\postgis\pg_postgis_mvt_egg\node_modules\koa-compose\index.js:42:32)
headers: {"Access-Control-Allow-Origin":"*","vary":"Origin"}
pid: 27020
hostname: PC-20190330EPJH

2021-04-12 16:47:08,609 ERROR 27020 [-/::1/-/1ms GET /pg_postgis_mvt/api/v1/geo_datas/6/51/26] nodejs.ReferenceError: sql is not defined
    at MvtService.getMvt (E:\codeSpace\postgis\pg_postgis_mvt_egg\app\service\mvt.js:79:30)
    at MvtController.getMvt (E:\codeSpace\postgis\pg_postgis_mvt_egg\app\controller\mvt.js:11:46)
    at Object.callFn (E:\codeSpace\postgis\pg_postgis_mvt_egg\node_modules\egg-core\lib\utils\index.js:44:21)
    at Object.classControllerMiddleware (E:\codeSpace\postgis\pg_postgis_mvt_egg\node_modules\egg-core\lib\loader\mixin\controller.js:87:20)
    at Object.callFn (E:\codeSpace\postgis\pg_postgis_mvt_egg\node_modules\@eggjs\router\lib\utils.js:12:21)
    at wrappedController (E:\codeSpace\postgis\pg_postgis_mvt_egg\node_modules\@eggjs\router\lib\egg_router.js:322:18)
    at dispatch (E:\codeSpace\postgis\pg_postgis_mvt_egg\node_modules\@eggjs\router\node_modules\koa-compose\index.js:44:32)
    at next (E:\codeSpace\postgis\pg_postgis_mvt_egg\node_modules\@eggjs\router\node_modules\koa-compose\index.js:45:18)
    at E:\codeSpace\postgis\pg_postgis_mvt_egg\node_modules\@eggjs\router\lib\router.js:190:18
    at dispatch (E:\codeSpace\postgis\pg_postgis_mvt_egg\node_modules\@eggjs\router\node_modules\koa-compose\index.js:44:32)
    at E:\codeSpace\postgis\pg_postgis_mvt_egg\node_modules\@eggjs\router\node_modules\koa-compose\index.js:36:12
    at dispatch (E:\codeSpace\postgis\pg_postgis_mvt_egg\node_modules\@eggjs\router\lib\router.js:195:33)
    at dispatch (E:\codeSpace\postgis\pg_postgis_mvt_egg\node_modules\koa-compose\index.js:42:32)
    at E:\codeSpace\postgis\pg_postgis_mvt_egg\node_modules\egg-development\app\middleware\egg_loader_trace.js:9:56
    at dispatch (E:\codeSpace\postgis\pg_postgis_mvt_egg\node_modules\koa-compose\index.js:42:32)
    at i18n (E:\codeSpace\postgis\pg_postgis_mvt_egg\node_modules\egg-i18n\app\middleware\i18n.js:13:12)
    at dispatch (E:\codeSpace\postgis\pg_postgis_mvt_egg\node_modules\koa-compose\index.js:42:32)
    at dispatch (E:\codeSpace\postgis\pg_postgis_mvt_egg\node_modules\koa-compose\index.js:42:32)
    at dta (E:\codeSpace\postgis\pg_postgis_mvt_egg\node_modules\egg-security\lib\middlewares\dta.js:12:12)
    at dispatch (E:\codeSpace\postgis\pg_postgis_mvt_egg\node_modules\koa-compose\index.js:42:32)
    at xframe (E:\codeSpace\postgis\pg_postgis_mvt_egg\node_modules\egg-security\lib\middlewares\xframe.js:7:11)
    at dispatch (E:\codeSpace\postgis\pg_postgis_mvt_egg\node_modules\koa-compose\index.js:42:32)
headers: {"Access-Control-Allow-Origin":"*","vary":"Origin"}
pid: 27020
hostname: PC-20190330EPJH

2021-04-12 16:47:08,623 ERROR 27020 [-/::1/-/0ms GET /pg_postgis_mvt/api/v1/geo_datas/6/51/27] nodejs.ReferenceError: sql is not defined
    at MvtService.getMvt (E:\codeSpace\postgis\pg_postgis_mvt_egg\app\service\mvt.js:79:30)
    at MvtController.getMvt (E:\codeSpace\postgis\pg_postgis_mvt_egg\app\controller\mvt.js:11:46)
    at Object.callFn (E:\codeSpace\postgis\pg_postgis_mvt_egg\node_modules\egg-core\lib\utils\index.js:44:21)
    at Object.classControllerMiddleware (E:\codeSpace\postgis\pg_postgis_mvt_egg\node_modules\egg-core\lib\loader\mixin\controller.js:87:20)
    at Object.callFn (E:\codeSpace\postgis\pg_postgis_mvt_egg\node_modules\@eggjs\router\lib\utils.js:12:21)
    at wrappedController (E:\codeSpace\postgis\pg_postgis_mvt_egg\node_modules\@eggjs\router\lib\egg_router.js:322:18)
    at dispatch (E:\codeSpace\postgis\pg_postgis_mvt_egg\node_modules\@eggjs\router\node_modules\koa-compose\index.js:44:32)
    at next (E:\codeSpace\postgis\pg_postgis_mvt_egg\node_modules\@eggjs\router\node_modules\koa-compose\index.js:45:18)
    at E:\codeSpace\postgis\pg_postgis_mvt_egg\node_modules\@eggjs\router\lib\router.js:190:18
    at dispatch (E:\codeSpace\postgis\pg_postgis_mvt_egg\node_modules\@eggjs\router\node_modules\koa-compose\index.js:44:32)
    at E:\codeSpace\postgis\pg_postgis_mvt_egg\node_modules\@eggjs\router\node_modules\koa-compose\index.js:36:12
    at dispatch (E:\codeSpace\postgis\pg_postgis_mvt_egg\node_modules\@eggjs\router\lib\router.js:195:33)
    at dispatch (E:\codeSpace\postgis\pg_postgis_mvt_egg\node_modules\koa-compose\index.js:42:32)
    at E:\codeSpace\postgis\pg_postgis_mvt_egg\node_modules\egg-development\app\middleware\egg_loader_trace.js:9:56
    at dispatch (E:\codeSpace\postgis\pg_postgis_mvt_egg\node_modules\koa-compose\index.js:42:32)
    at i18n (E:\codeSpace\postgis\pg_postgis_mvt_egg\node_modules\egg-i18n\app\middleware\i18n.js:13:12)
    at dispatch (E:\codeSpace\postgis\pg_postgis_mvt_egg\node_modules\koa-compose\index.js:42:32)
    at dispatch (E:\codeSpace\postgis\pg_postgis_mvt_egg\node_modules\koa-compose\index.js:42:32)
    at dta (E:\codeSpace\postgis\pg_postgis_mvt_egg\node_modules\egg-security\lib\middlewares\dta.js:12:12)
    at dispatch (E:\codeSpace\postgis\pg_postgis_mvt_egg\node_modules\koa-compose\index.js:42:32)
    at xframe (E:\codeSpace\postgis\pg_postgis_mvt_egg\node_modules\egg-security\lib\middlewares\xframe.js:7:11)
    at dispatch (E:\codeSpace\postgis\pg_postgis_mvt_egg\node_modules\koa-compose\index.js:42:32)
headers: {"Access-Control-Allow-Origin":"*","vary":"Origin"}
pid: 27020
hostname: PC-20190330EPJH

2021-04-12 16:47:08,635 ERROR 27020 [-/::1/-/1ms GET /pg_postgis_mvt/api/v1/geo_datas/6/49/25] nodejs.ReferenceError: sql is not defined
    at MvtService.getMvt (E:\codeSpace\postgis\pg_postgis_mvt_egg\app\service\mvt.js:79:30)
    at MvtController.getMvt (E:\codeSpace\postgis\pg_postgis_mvt_egg\app\controller\mvt.js:11:46)
    at Object.callFn (E:\codeSpace\postgis\pg_postgis_mvt_egg\node_modules\egg-core\lib\utils\index.js:44:21)
    at Object.classControllerMiddleware (E:\codeSpace\postgis\pg_postgis_mvt_egg\node_modules\egg-core\lib\loader\mixin\controller.js:87:20)
    at Object.callFn (E:\codeSpace\postgis\pg_postgis_mvt_egg\node_modules\@eggjs\router\lib\utils.js:12:21)
    at wrappedController (E:\codeSpace\postgis\pg_postgis_mvt_egg\node_modules\@eggjs\router\lib\egg_router.js:322:18)
    at dispatch (E:\codeSpace\postgis\pg_postgis_mvt_egg\node_modules\@eggjs\router\node_modules\koa-compose\index.js:44:32)
    at next (E:\codeSpace\postgis\pg_postgis_mvt_egg\node_modules\@eggjs\router\node_modules\koa-compose\index.js:45:18)
    at E:\codeSpace\postgis\pg_postgis_mvt_egg\node_modules\@eggjs\router\lib\router.js:190:18
    at dispatch (E:\codeSpace\postgis\pg_postgis_mvt_egg\node_modules\@eggjs\router\node_modules\koa-compose\index.js:44:32)
    at E:\codeSpace\postgis\pg_postgis_mvt_egg\node_modules\@eggjs\router\node_modules\koa-compose\index.js:36:12
    at dispatch (E:\codeSpace\postgis\pg_postgis_mvt_egg\node_modules\@eggjs\router\lib\router.js:195:33)
    at dispatch (E:\codeSpace\postgis\pg_postgis_mvt_egg\node_modules\koa-compose\index.js:42:32)
    at E:\codeSpace\postgis\pg_postgis_mvt_egg\node_modules\egg-development\app\middleware\egg_loader_trace.js:9:56
    at dispatch (E:\codeSpace\postgis\pg_postgis_mvt_egg\node_modules\koa-compose\index.js:42:32)
    at i18n (E:\codeSpace\postgis\pg_postgis_mvt_egg\node_modules\egg-i18n\app\middleware\i18n.js:13:12)
    at dispatch (E:\codeSpace\postgis\pg_postgis_mvt_egg\node_modules\koa-compose\index.js:42:32)
    at dispatch (E:\codeSpace\postgis\pg_postgis_mvt_egg\node_modules\koa-compose\index.js:42:32)
    at dta (E:\codeSpace\postgis\pg_postgis_mvt_egg\node_modules\egg-security\lib\middlewares\dta.js:12:12)
    at dispatch (E:\codeSpace\postgis\pg_postgis_mvt_egg\node_modules\koa-compose\index.js:42:32)
    at xframe (E:\codeSpace\postgis\pg_postgis_mvt_egg\node_modules\egg-security\lib\middlewares\xframe.js:7:11)
    at dispatch (E:\codeSpace\postgis\pg_postgis_mvt_egg\node_modules\koa-compose\index.js:42:32)
headers: {"Access-Control-Allow-Origin":"*","vary":"Origin"}
pid: 27020
hostname: PC-20190330EPJH

2021-04-12 16:47:08,645 ERROR 27020 [-/::1/-/1ms GET /pg_postgis_mvt/api/v1/geo_datas/6/49/27] nodejs.ReferenceError: sql is not defined
    at MvtService.getMvt (E:\codeSpace\postgis\pg_postgis_mvt_egg\app\service\mvt.js:79:30)
    at MvtController.getMvt (E:\codeSpace\postgis\pg_postgis_mvt_egg\app\controller\mvt.js:11:46)
    at Object.callFn (E:\codeSpace\postgis\pg_postgis_mvt_egg\node_modules\egg-core\lib\utils\index.js:44:21)
    at Object.classControllerMiddleware (E:\codeSpace\postgis\pg_postgis_mvt_egg\node_modules\egg-core\lib\loader\mixin\controller.js:87:20)
    at Object.callFn (E:\codeSpace\postgis\pg_postgis_mvt_egg\node_modules\@eggjs\router\lib\utils.js:12:21)
    at wrappedController (E:\codeSpace\postgis\pg_postgis_mvt_egg\node_modules\@eggjs\router\lib\egg_router.js:322:18)
    at dispatch (E:\codeSpace\postgis\pg_postgis_mvt_egg\node_modules\@eggjs\router\node_modules\koa-compose\index.js:44:32)
    at next (E:\codeSpace\postgis\pg_postgis_mvt_egg\node_modules\@eggjs\router\node_modules\koa-compose\index.js:45:18)
    at E:\codeSpace\postgis\pg_postgis_mvt_egg\node_modules\@eggjs\router\lib\router.js:190:18
    at dispatch (E:\codeSpace\postgis\pg_postgis_mvt_egg\node_modules\@eggjs\router\node_modules\koa-compose\index.js:44:32)
    at E:\codeSpace\postgis\pg_postgis_mvt_egg\node_modules\@eggjs\router\node_modules\koa-compose\index.js:36:12
    at dispatch (E:\codeSpace\postgis\pg_postgis_mvt_egg\node_modules\@eggjs\router\lib\router.js:195:33)
    at dispatch (E:\codeSpace\postgis\pg_postgis_mvt_egg\node_modules\koa-compose\index.js:42:32)
    at E:\codeSpace\postgis\pg_postgis_mvt_egg\node_modules\egg-development\app\middleware\egg_loader_trace.js:9:56
    at dispatch (E:\codeSpace\postgis\pg_postgis_mvt_egg\node_modules\koa-compose\index.js:42:32)
    at i18n (E:\codeSpace\postgis\pg_postgis_mvt_egg\node_modules\egg-i18n\app\middleware\i18n.js:13:12)
    at dispatch (E:\codeSpace\postgis\pg_postgis_mvt_egg\node_modules\koa-compose\index.js:42:32)
    at dispatch (E:\codeSpace\postgis\pg_postgis_mvt_egg\node_modules\koa-compose\index.js:42:32)
    at dta (E:\codeSpace\postgis\pg_postgis_mvt_egg\node_modules\egg-security\lib\middlewares\dta.js:12:12)
    at dispatch (E:\codeSpace\postgis\pg_postgis_mvt_egg\node_modules\koa-compose\index.js:42:32)
    at xframe (E:\codeSpace\postgis\pg_postgis_mvt_egg\node_modules\egg-security\lib\middlewares\xframe.js:7:11)
    at dispatch (E:\codeSpace\postgis\pg_postgis_mvt_egg\node_modules\koa-compose\index.js:42:32)
headers: {"Access-Control-Allow-Origin":"*","vary":"Origin"}
pid: 27020
hostname: PC-20190330EPJH

2021-04-12 16:47:08,655 ERROR 27020 [-/::1/-/1ms GET /pg_postgis_mvt/api/v1/geo_datas/6/51/25] nodejs.ReferenceError: sql is not defined
    at MvtService.getMvt (E:\codeSpace\postgis\pg_postgis_mvt_egg\app\service\mvt.js:79:30)
    at MvtController.getMvt (E:\codeSpace\postgis\pg_postgis_mvt_egg\app\controller\mvt.js:11:46)
    at Object.callFn (E:\codeSpace\postgis\pg_postgis_mvt_egg\node_modules\egg-core\lib\utils\index.js:44:21)
    at Object.classControllerMiddleware (E:\codeSpace\postgis\pg_postgis_mvt_egg\node_modules\egg-core\lib\loader\mixin\controller.js:87:20)
    at Object.callFn (E:\codeSpace\postgis\pg_postgis_mvt_egg\node_modules\@eggjs\router\lib\utils.js:12:21)
    at wrappedController (E:\codeSpace\postgis\pg_postgis_mvt_egg\node_modules\@eggjs\router\lib\egg_router.js:322:18)
    at dispatch (E:\codeSpace\postgis\pg_postgis_mvt_egg\node_modules\@eggjs\router\node_modules\koa-compose\index.js:44:32)
    at next (E:\codeSpace\postgis\pg_postgis_mvt_egg\node_modules\@eggjs\router\node_modules\koa-compose\index.js:45:18)
    at E:\codeSpace\postgis\pg_postgis_mvt_egg\node_modules\@eggjs\router\lib\router.js:190:18
    at dispatch (E:\codeSpace\postgis\pg_postgis_mvt_egg\node_modules\@eggjs\router\node_modules\koa-compose\index.js:44:32)
    at E:\codeSpace\postgis\pg_postgis_mvt_egg\node_modules\@eggjs\router\node_modules\koa-compose\index.js:36:12
    at dispatch (E:\codeSpace\postgis\pg_postgis_mvt_egg\node_modules\@eggjs\router\lib\router.js:195:33)
    at dispatch (E:\codeSpace\postgis\pg_postgis_mvt_egg\node_modules\koa-compose\index.js:42:32)
    at E:\codeSpace\postgis\pg_postgis_mvt_egg\node_modules\egg-development\app\middleware\egg_loader_trace.js:9:56
    at dispatch (E:\codeSpace\postgis\pg_postgis_mvt_egg\node_modules\koa-compose\index.js:42:32)
    at i18n (E:\codeSpace\postgis\pg_postgis_mvt_egg\node_modules\egg-i18n\app\middleware\i18n.js:13:12)
    at dispatch (E:\codeSpace\postgis\pg_postgis_mvt_egg\node_modules\koa-compose\index.js:42:32)
    at dispatch (E:\codeSpace\postgis\pg_postgis_mvt_egg\node_modules\koa-compose\index.js:42:32)
    at dta (E:\codeSpace\postgis\pg_postgis_mvt_egg\node_modules\egg-security\lib\middlewares\dta.js:12:12)
    at dispatch (E:\codeSpace\postgis\pg_postgis_mvt_egg\node_modules\koa-compose\index.js:42:32)
    at xframe (E:\codeSpace\postgis\pg_postgis_mvt_egg\node_modules\egg-security\lib\middlewares\xframe.js:7:11)
    at dispatch (E:\codeSpace\postgis\pg_postgis_mvt_egg\node_modules\koa-compose\index.js:42:32)
headers: {"Access-Control-Allow-Origin":"*","vary":"Origin"}
pid: 27020
hostname: PC-20190330EPJH

